TN:
SF:contracts/access/AccessManager.sol
DA:17,57
FN:17,AccessManager.initialize
FNDA:57,AccessManager.initialize
DA:18,0
DA:19,57
DA:34,57
DA:35,57
DA:36,57
DA:43,0
FN:43,AccessManager._authorizeUpgrade
FNDA:0,AccessManager._authorizeUpgrade
DA:44,0
DA:46,0
BRDA:46,0,0,-
BRDA:46,0,1,-
FNF:2
FNH:1
LF:9
LH:5
BRF:2
BRH:0
end_of_record
TN:
SF:contracts/assets/AssetOwnership.sol
DA:69,5
FN:69,AssetOwnership.onlyApprovedAsset
FNDA:5,AssetOwnership.onlyApprovedAsset
DA:70,5
BRDA:70,0,0,-
DA:71,0
DA:78,0
FN:78,AssetOwnership.onlyOwner
FNDA:0,AssetOwnership.onlyOwner
DA:79,0
BRDA:79,1,0,-
DA:80,0
DA:87,5
FN:87,AssetOwnership.constructor
FNDA:5,AssetOwnership.constructor
DA:90,0
DA:92,5
DA:97,5
FN:97,AssetOwnership.initialize
FNDA:5,AssetOwnership.initialize
DA:98,0
DA:99,0
DA:100,0
DA:101,5
DA:102,5
DA:108,0
FN:108,AssetOwnership.supportsInterface
FNDA:0,AssetOwnership.supportsInterface
DA:111,0
DA:127,5
FN:127,AssetOwnership.register
FNDA:5,AssetOwnership.register
DA:128,5
DA:129,5
DA:130,5
DA:136,0
FN:136,AssetOwnership.revoke
FNDA:0,AssetOwnership.revoke
DA:137,0
DA:138,0
DA:139,0
DA:145,0
FN:145,AssetOwnership.transfer
FNDA:0,AssetOwnership.transfer
DA:146,0
DA:147,0
DA:154,0
FN:154,AssetOwnership.switchState
FNDA:0,AssetOwnership.switchState
DA:155,0
DA:157,0
DA:159,0
DA:163,5
FN:163,AssetOwnership._update
FNDA:5,AssetOwnership._update
DA:168,5
DA:172,0
FN:172,AssetOwnership._increaseBalance
FNDA:0,AssetOwnership._increaseBalance
DA:176,0
DA:181,0
FN:181,AssetOwnership._authorizeUpgrade
FNDA:0,AssetOwnership._authorizeUpgrade
DA:184,5
FN:184,AssetOwnership._enableAsset
FNDA:5,AssetOwnership._enableAsset
DA:185,5
DA:186,5
DA:190,0
FN:190,AssetOwnership._disableAsset
FNDA:0,AssetOwnership._disableAsset
DA:191,0
DA:192,0
FNF:14
FNH:6
LF:43
LH:16
BRF:2
BRH:0
end_of_record
TN:
SF:contracts/assets/AssetReferendum.sol
DA:61,13
FN:61,AssetReferendum.constructor
FNDA:13,AssetReferendum.constructor
DA:62,0
DA:66,13
FN:66,AssetReferendum.initialize
FNDA:13,AssetReferendum.initialize
DA:67,0
DA:68,0
DA:69,13
DA:70,13
DA:76,13
FN:76,AssetReferendum.submit
FNDA:13,AssetReferendum.submit
DA:78,13
DA:79,13
BRDA:79,0,0,-
DA:80,13
DA:81,13
DA:103,2
FN:103,AssetReferendum.revoke
FNDA:2,AssetReferendum.revoke
DA:104,2
DA:105,2
DA:110,2
FN:110,AssetReferendum.reject
FNDA:2,AssetReferendum.reject
DA:111,2
DA:112,2
DA:117,9
FN:117,AssetReferendum.approve
FNDA:9,AssetReferendum.approve
DA:118,9
DA:119,9
DA:125,9
FN:125,AssetReferendum.isApproved
FNDA:9,AssetReferendum.isApproved
DA:126,9
DA:127,9
DA:128,9
DA:130,9
DA:135,13
FN:135,AssetReferendum.isActive
FNDA:13,AssetReferendum.isActive
DA:136,13
DA:142,0
FN:142,AssetReferendum._authorizeUpgrade
FNDA:0,AssetReferendum._authorizeUpgrade
FNF:9
FNH:8
LF:29
LH:25
BRF:1
BRH:0
end_of_record
TN:
SF:contracts/assets/AssetSafe.sol
DA:40,5
FN:40,AssetSafe.onlyHolder
FNDA:5,AssetSafe.onlyHolder
DA:41,5
BRDA:41,0,0,1
DA:42,1
DA:48,5
FN:48,AssetSafe.constructor
FNDA:5,AssetSafe.constructor
DA:49,0
DA:50,5
DA:54,5
FN:54,AssetSafe.initialize
FNDA:5,AssetSafe.initialize
DA:55,0
DA:56,5
DA:62,1
FN:62,AssetSafe.getType
FNDA:1,AssetSafe.getType
DA:63,1
DA:71,2
FN:71,AssetSafe.getContent
FNDA:2,AssetSafe.getContent
DA:72,2
DA:80,4
FN:80,AssetSafe.setContent
FNDA:4,AssetSafe.setContent
DA:81,4
DA:82,4
DA:83,4
DA:88,0
FN:88,AssetSafe._authorizeUpgrade
FNDA:0,AssetSafe._authorizeUpgrade
DA:95,6
FN:95,AssetSafe._computeComposedKey
FNDA:6,AssetSafe._computeComposedKey
DA:96,6
FNF:8
FNH:7
LF:20
LH:17
BRF:1
BRH:1
end_of_record
TN:
SF:contracts/core/libraries/ArrayOps.sol
DA:16,0
FN:16,ArrayOps.slice
FNDA:0,ArrayOps.slice
DA:17,0
BRDA:17,0,0,-
DA:18,0
DA:20,0
DA:21,0
FNF:1
FNH:0
LF:5
LH:0
BRF:1
BRH:0
end_of_record
TN:
SF:contracts/core/libraries/FeesOps.sol
DA:12,3
FN:12,FeesOps.isBasePoint
FNDA:3,FeesOps.isBasePoint
DA:14,3
DA:19,2
FN:19,FeesOps.isNominal
FNDA:2,FeesOps.isNominal
DA:21,2
DA:27,0
FN:27,FeesOps.perOf
FNDA:0,FeesOps.perOf
DA:30,0
BRDA:30,0,0,-
BRDA:30,0,1,-
DA:31,0
DA:36,0
FN:36,FeesOps.calcBps
FNDA:0,FeesOps.calcBps
DA:37,0
FNF:4
FNH:2
LF:9
LH:4
BRF:2
BRH:0
end_of_record
TN:
SF:contracts/core/libraries/FinancialOps.sol
DA:24,0
FN:24,FinancialOps._nativeTransfer
FNDA:0,FinancialOps._nativeTransfer
DA:25,0
DA:26,0
BRDA:26,0,0,-
DA:33,16
FN:33,FinancialOps._erc20Transfer
FNDA:16,FinancialOps._erc20Transfer
DA:34,16
DA:41,0
FN:41,FinancialOps._nativeDeposit
FNDA:0,FinancialOps._nativeDeposit
DA:42,0
BRDA:42,1,0,-
DA:44,0
DA:53,19
FN:53,FinancialOps._erc20Deposit
FNDA:19,FinancialOps._erc20Deposit
DA:54,19
BRDA:54,2,0,1
DA:58,18
DA:59,0
DA:68,0
FN:68,FinancialOps.increaseAllowance
FNDA:0,FinancialOps.increaseAllowance
DA:69,0
BRDA:69,3,0,-
DA:70,0
DA:79,19
FN:79,FinancialOps.allowance
FNDA:19,FinancialOps.allowance
DA:80,19
DA:81,19
DA:90,19
FN:90,FinancialOps.safeDeposit
FNDA:19,FinancialOps.safeDeposit
DA:91,19
BRDA:91,5,0,-
DA:92,19
DA:93,19
DA:99,23
FN:99,FinancialOps.balanceOf
FNDA:23,FinancialOps.balanceOf
DA:100,23
DA:101,23
DA:109,16
FN:109,FinancialOps.transfer
FNDA:16,FinancialOps.transfer
DA:110,16
BRDA:110,8,0,-
DA:111,16
BRDA:111,9,0,-
DA:112,16
DA:113,16
FNF:9
FNH:6
LF:30
LH:20
BRF:7
BRH:1
end_of_record
TN:
SF:contracts/core/libraries/LoopOps.sol
DA:15,0
FN:15,LoopOps.uncheckedInc
FNDA:0,LoopOps.uncheckedInc
DA:17,0
DA:26,0
FN:26,LoopOps.uncheckedDec
FNDA:0,LoopOps.uncheckedDec
DA:28,0
FNF:2
FNH:0
LF:4
LH:0
BRF:0
BRH:0
end_of_record
TN:
SF:contracts/core/libraries/MetricsOps.sol
DA:23,0
FN:23,MetricsOps.logMetricWithContext
FNDA:0,MetricsOps.logMetricWithContext
DA:25,0
FNF:1
FNH:0
LF:2
LH:0
BRF:0
BRH:0
end_of_record
TN:
SF:contracts/core/libraries/RollingOps.sol
DA:36,6
FN:36,RollingOps.configure
FNDA:6,RollingOps.configure
DA:37,6
BRDA:37,0,0,1
DA:38,5
DA:42,33
FN:42,RollingOps.roll
FNDA:33,RollingOps.roll
DA:43,33
DA:47,6
FN:47,RollingOps.contains
FNDA:6,RollingOps.contains
DA:48,6
DA:52,2
FN:52,RollingOps.length
FNDA:2,RollingOps.length
DA:53,2
DA:57,3
FN:57,RollingOps.window
FNDA:3,RollingOps.window
DA:58,3
DA:62,6
FN:62,RollingOps.at
FNDA:6,RollingOps.at
DA:63,6
DA:67,3
FN:67,RollingOps.values
FNDA:3,RollingOps.values
DA:68,3
DA:69,3
DA:72,0
DA:75,3
DA:84,33
FN:84,RollingOps._roll
FNDA:33,RollingOps._roll
DA:87,33
BRDA:87,1,0,9
DA:88,9
DA:91,33
DA:95,33
FN:95,RollingOps._rollin
FNDA:33,RollingOps._rollin
DA:96,33
DA:97,33
DA:101,9
FN:101,RollingOps._rollout
FNDA:9,RollingOps._rollout
DA:103,9
DA:104,9
DA:106,9
DA:110,20
DA:111,20
DA:114,20
DA:119,9
DA:123,6
FN:123,RollingOps._contains
FNDA:6,RollingOps._contains
DA:124,6
DA:128,74
FN:128,RollingOps._length
FNDA:74,RollingOps._length
DA:129,74
DA:133,6
FN:133,RollingOps._at
FNDA:6,RollingOps._at
DA:134,6
BRDA:134,2,0,1
DA:135,5
DA:139,65
FN:139,RollingOps._window
FNDA:65,RollingOps._window
DA:140,65
DA:144,3
FN:144,RollingOps._values
FNDA:3,RollingOps._values
DA:145,3
FNF:15
FNH:15
LF:44
LH:43
BRF:3
BRH:3
end_of_record
TN:
SF:contracts/core/primitives/upgradeable/AccessControlledUpgradeable.sol
DA:28,0
FN:28,AccessControlledUpgradeable.onlyAdmin
FNDA:0,AccessControlledUpgradeable.onlyAdmin
DA:33,0
BRDA:33,0,0,-
DA:34,0
DA:44,118
FN:44,AccessControlledUpgradeable.__AccessControlled_init
FNDA:118,AccessControlledUpgradeable.__AccessControlled_init
DA:45,118
DA:46,118
DA:52,118
FN:52,AccessControlledUpgradeable.__AccessControlled_init_unchained
FNDA:118,AccessControlledUpgradeable.__AccessControlled_init_unchained
DA:53,118
BRDA:53,1,0,-
DA:54,0
DA:57,118
DA:58,118
DA:65,9
FN:65,AccessControlledUpgradeable._hasRole
FNDA:9,AccessControlledUpgradeable._hasRole
DA:66,9
DA:67,9
DA:68,9
DA:69,9
DA:73,127
FN:73,AccessControlledUpgradeable._getAccessControlStorage
FNDA:127,AccessControlledUpgradeable._getAccessControlStorage
DA:75,0
FNF:5
FNH:4
LF:18
LH:13
BRF:2
BRH:0
end_of_record
TN:
SF:contracts/core/primitives/upgradeable/AllowanceOperatorUpgradeable.sol
DA:32,57
FN:32,AllowanceOperatorUpgradeable.__AllowanceOperator_init
FNDA:57,AllowanceOperatorUpgradeable.__AllowanceOperator_init
DA:33,0
DA:39,0
FN:39,AllowanceOperatorUpgradeable.__AllowanceOperator_init_unchained
FNDA:0,AllowanceOperatorUpgradeable.__AllowanceOperator_init_unchained
DA:46,0
FN:46,AllowanceOperatorUpgradeable.getApprovedAmount
FNDA:0,AllowanceOperatorUpgradeable.getApprovedAmount
DA:47,0
DA:48,0
DA:49,0
DA:56,0
FN:56,AllowanceOperatorUpgradeable.approve
FNDA:0,AllowanceOperatorUpgradeable.approve
DA:61,0
BRDA:61,0,0,-
DA:62,0
DA:63,0
DA:64,0
DA:71,0
FN:71,AllowanceOperatorUpgradeable.revoke
FNDA:0,AllowanceOperatorUpgradeable.revoke
DA:76,0
BRDA:76,1,0,-
DA:77,0
DA:78,0
DA:79,0
DA:86,0
FN:86,AllowanceOperatorUpgradeable.collect
FNDA:0,AllowanceOperatorUpgradeable.collect
DA:91,0
BRDA:91,2,0,-
DA:92,0
BRDA:92,3,0,-
DA:94,0
DA:95,0
DA:96,0
DA:97,0
DA:98,0
DA:107,0
FN:107,AllowanceOperatorUpgradeable._subApprovedAmount
FNDA:0,AllowanceOperatorUpgradeable._subApprovedAmount
DA:108,0
DA:109,0
DA:110,0
DA:119,0
FN:119,AllowanceOperatorUpgradeable._sumApprovedAmount
FNDA:0,AllowanceOperatorUpgradeable._sumApprovedAmount
DA:120,0
DA:121,0
DA:122,0
DA:130,0
FN:130,AllowanceOperatorUpgradeable._computeComposedKey
FNDA:0,AllowanceOperatorUpgradeable._computeComposedKey
DA:131,0
DA:136,0
FN:136,AllowanceOperatorUpgradeable._getAllowanceOperatorStorage
FNDA:0,AllowanceOperatorUpgradeable._getAllowanceOperatorStorage
DA:138,0
FNF:10
FNH:1
LF:37
LH:1
BRF:4
BRH:0
end_of_record
TN:
SF:contracts/core/primitives/upgradeable/BalanceOperatorUpgradeable.sol
DA:37,57
FN:37,BalanceOperatorUpgradeable.__BalanceOperator_init
FNDA:57,BalanceOperatorUpgradeable.__BalanceOperator_init
DA:38,0
DA:39,0
DA:44,0
FN:44,BalanceOperatorUpgradeable.__BalanceOperator_init_unchained
FNDA:0,BalanceOperatorUpgradeable.__BalanceOperator_init_unchained
DA:49,3
FN:49,BalanceOperatorUpgradeable.getBalance
FNDA:3,BalanceOperatorUpgradeable.getBalance
DA:50,3
DA:57,19
FN:57,BalanceOperatorUpgradeable.deposit
FNDA:19,BalanceOperatorUpgradeable.deposit
DA:62,19
DA:63,18
DA:64,19
DA:65,0
DA:72,15
FN:72,BalanceOperatorUpgradeable.withdraw
FNDA:15,BalanceOperatorUpgradeable.withdraw
DA:77,15
BRDA:77,0,0,1
DA:78,14
DA:79,14
DA:80,14
DA:81,0
DA:88,4
FN:88,BalanceOperatorUpgradeable.transfer
FNDA:4,BalanceOperatorUpgradeable.transfer
DA:93,4
BRDA:93,1,0,1
DA:94,3
BRDA:94,2,0,1
DA:96,2
DA:97,2
DA:98,2
DA:99,0
DA:104,0
FN:104,BalanceOperatorUpgradeable._getBalanceOperatorStorage
FNDA:0,BalanceOperatorUpgradeable._getBalanceOperatorStorage
DA:106,0
FNF:7
FNH:5
LF:26
LH:18
BRF:3
BRH:3
end_of_record
TN:
SF:contracts/core/primitives/upgradeable/ERC721StatefulUpgradeable.sol
DA:26,5
FN:26,ERC721StatefulUpgradeable.__ERC721Stateful_init
FNDA:5,ERC721StatefulUpgradeable.__ERC721Stateful_init
DA:31,0
FN:31,ERC721StatefulUpgradeable.__ERC721Stateful_init_unchained
FNDA:0,ERC721StatefulUpgradeable.__ERC721Stateful_init_unchained
DA:35,5
FN:35,ERC721StatefulUpgradeable._activate
FNDA:5,ERC721StatefulUpgradeable._activate
DA:36,5
DA:37,5
DA:42,0
FN:42,ERC721StatefulUpgradeable._deactivate
FNDA:0,ERC721StatefulUpgradeable._deactivate
DA:43,0
DA:44,0
DA:50,0
FN:50,ERC721StatefulUpgradeable.isActive
FNDA:0,ERC721StatefulUpgradeable.isActive
DA:51,0
DA:52,0
DA:56,5
FN:56,ERC721StatefulUpgradeable._getERC721StateStorage
FNDA:5,ERC721StatefulUpgradeable._getERC721StateStorage
DA:58,0
FNF:6
FNH:3
LF:13
LH:5
BRF:0
BRH:0
end_of_record
TN:
SF:contracts/core/primitives/upgradeable/FeesCollectorUpgradeable.sol
DA:40,0
FN:40,FeesCollectorUpgradeable.onlyTreasury
FNDA:0,FeesCollectorUpgradeable.onlyTreasury
DA:41,0
BRDA:41,0,0,-
DA:42,0
DA:50,0
FN:50,FeesCollectorUpgradeable.disburse
FNDA:0,FeesCollectorUpgradeable.disburse
DA:52,0
DA:53,0
DA:54,0
DA:56,0
DA:57,0
DA:58,0
DA:63,0
FN:63,FeesCollectorUpgradeable.getTreasuryAddress
FNDA:0,FeesCollectorUpgradeable.getTreasuryAddress
DA:64,0
DA:65,0
DA:72,16
FN:72,FeesCollectorUpgradeable.__FeesCollector_init
FNDA:16,FeesCollectorUpgradeable.__FeesCollector_init
DA:73,16
DA:80,16
FN:80,FeesCollectorUpgradeable.__FeesCollector_init_unchained
FNDA:16,FeesCollectorUpgradeable.__FeesCollector_init_unchained
DA:81,16
DA:87,16
FN:87,FeesCollectorUpgradeable._setTreasuryAddress
FNDA:16,FeesCollectorUpgradeable._setTreasuryAddress
DA:88,16
BRDA:88,2,0,-
DA:89,16
DA:90,16
DA:96,16
FN:96,FeesCollectorUpgradeable._getFeesCollectorStorage
FNDA:16,FeesCollectorUpgradeable._getFeesCollectorStorage
DA:98,0
FNF:7
FNH:4
LF:23
LH:9
BRF:2
BRH:0
end_of_record
TN:
SF:contracts/core/primitives/upgradeable/LedgerUpgradeable.sol
DA:28,5
FN:28,LedgerUpgradeable.onlyValidOperation
FNDA:5,LedgerUpgradeable.onlyValidOperation
DA:29,5
BRDA:29,0,0,2
DA:36,38
FN:36,LedgerUpgradeable.getLedgerBalance
FNDA:38,LedgerUpgradeable.getLedgerBalance
DA:37,38
DA:38,38
DA:45,114
FN:45,LedgerUpgradeable.__Ledger_init
FNDA:114,LedgerUpgradeable.__Ledger_init
DA:50,0
FN:50,LedgerUpgradeable.__Ledger_init_unchained
FNDA:0,LedgerUpgradeable.__Ledger_init_unchained
DA:57,1
FN:57,LedgerUpgradeable._setLedgerEntry
FNDA:1,LedgerUpgradeable._setLedgerEntry
DA:58,1
DA:59,1
DA:67,36
FN:67,LedgerUpgradeable._sumLedgerEntry
FNDA:36,LedgerUpgradeable._sumLedgerEntry
DA:68,36
DA:69,36
DA:77,30
FN:77,LedgerUpgradeable._subLedgerEntry
FNDA:30,LedgerUpgradeable._subLedgerEntry
DA:78,30
DA:79,30
DA:84,105
FN:84,LedgerUpgradeable._getLedgerStorage
FNDA:105,LedgerUpgradeable._getLedgerStorage
DA:86,0
FNF:8
FNH:7
LF:18
LH:16
BRF:1
BRH:1
end_of_record
TN:
SF:contracts/core/primitives/upgradeable/QuorumUpgradeable.sol
DA:55,29
FN:55,QuorumUpgradeable.__Quorum_init
FNDA:29,QuorumUpgradeable.__Quorum_init
DA:60,0
FN:60,QuorumUpgradeable.__Quorum_init_unchained
FNDA:0,QuorumUpgradeable.__Quorum_init_unchained
DA:64,91
FN:64,QuorumUpgradeable._status
FNDA:91,QuorumUpgradeable._status
DA:65,91
DA:66,91
DA:72,7
FN:72,QuorumUpgradeable._revoke
FNDA:7,QuorumUpgradeable._revoke
DA:73,7
DA:74,7
BRDA:74,0,0,1
DA:75,6
DA:81,4
FN:81,QuorumUpgradeable._block
FNDA:4,QuorumUpgradeable._block
DA:82,4
DA:83,4
BRDA:83,1,0,-
DA:84,4
DA:89,20
FN:89,QuorumUpgradeable._approve
FNDA:20,QuorumUpgradeable._approve
DA:90,20
DA:91,20
BRDA:91,2,0,1
DA:92,19
DA:97,3
FN:97,QuorumUpgradeable._quit
FNDA:3,QuorumUpgradeable._quit
DA:98,3
DA:99,3
BRDA:99,3,0,2
DA:100,1
DA:105,34
FN:105,QuorumUpgradeable._register
FNDA:34,QuorumUpgradeable._register
DA:106,34
DA:107,34
BRDA:107,4,0,1
DA:108,33
DA:112,159
FN:112,QuorumUpgradeable._getRegistryStorage
FNDA:159,QuorumUpgradeable._getRegistryStorage
DA:114,0
FNF:9
FNH:8
LF:27
LH:25
BRF:5
BRH:4
end_of_record
TN:
SF:contracts/custody/CustodianFactory.sol
DA:49,0
FN:49,CustodianFactory.getCreator
FNDA:0,CustodianFactory.getCreator
DA:50,0
DA:60,28
FN:60,CustodianFactory.create
FNDA:28,CustodianFactory.create
DA:63,28
DA:64,28
DA:65,28
DA:67,28
DA:68,0
DA:74,28
FN:74,CustodianFactory._registerEndpoint
FNDA:28,CustodianFactory._registerEndpoint
DA:75,28
DA:76,28
BRDA:76,0,0,-
DA:77,28
DA:78,0
DA:84,28
FN:84,CustodianFactory._deployCustodian
FNDA:28,CustodianFactory._deployCustodian
DA:85,28
DA:86,28
DA:92,28
FN:92,CustodianFactory._registerManager
FNDA:28,CustodianFactory._registerManager
DA:93,28
FNF:5
FNH:4
LF:18
LH:14
BRF:1
BRH:0
end_of_record
TN:
SF:contracts/custody/CustodianImpl.sol
DA:41,28
FN:41,CustodianImpl.initialize
FNDA:28,CustodianImpl.initialize
DA:42,28
BRDA:42,0,0,-
DA:43,0
DA:44,28
DA:45,28
DA:50,82
FN:50,CustodianImpl.supportsInterface
FNDA:82,CustodianImpl.supportsInterface
DA:51,82
DA:55,1
FN:55,CustodianImpl.getManager
FNDA:1,CustodianImpl.getManager
DA:56,1
DA:60,2
FN:60,CustodianImpl.getEndpoint
FNDA:2,CustodianImpl.getEndpoint
DA:61,2
DA:67,1
FN:67,CustodianImpl.setEndpoint
FNDA:1,CustodianImpl.setEndpoint
DA:68,1
BRDA:68,1,0,-
DA:69,1
DA:70,1
DA:71,1
DA:80,3
FN:80,CustodianImpl.withdraw
FNDA:3,CustodianImpl.withdraw
DA:81,3
BRDA:81,2,0,1
DA:82,2
DA:83,2
DA:84,0
DA:90,4
FN:90,CustodianImpl.getBalance
FNDA:4,CustodianImpl.getBalance
DA:91,4
FNF:7
FNH:7
LF:23
LH:21
BRF:3
BRH:1
end_of_record
TN:
SF:contracts/custody/CustodianReferendum.sol
DA:85,3
FN:85,CustodianReferendum.onlyValidCustodian
FNDA:3,CustodianReferendum.onlyValidCustodian
DA:86,3
BRDA:86,0,0,-
DA:87,0
DA:93,16
FN:93,CustodianReferendum.constructor
FNDA:16,CustodianReferendum.constructor
DA:96,0
DA:97,16
DA:98,16
DA:99,16
DA:103,16
FN:103,CustodianReferendum.initialize
FNDA:16,CustodianReferendum.initialize
DA:104,0
DA:105,0
DA:106,0
DA:107,16
DA:108,16
DA:110,16
DA:114,3
FN:114,CustodianReferendum.getExpirationPeriod
FNDA:3,CustodianReferendum.getExpirationPeriod
DA:115,3
DA:120,1
FN:120,CustodianReferendum.getEnrollmentDeadline
FNDA:1,CustodianReferendum.getEnrollmentDeadline
DA:121,1
DA:125,2
FN:125,CustodianReferendum.getEnrollmentCount
FNDA:2,CustodianReferendum.getEnrollmentCount
DA:126,2
DA:132,1
FN:132,CustodianReferendum.isActive
FNDA:1,CustodianReferendum.isActive
DA:147,1
DA:148,1
DA:154,1
FN:154,CustodianReferendum.isWaiting
FNDA:1,CustodianReferendum.isWaiting
DA:155,1
DA:161,1
FN:161,CustodianReferendum.isBlocked
FNDA:1,CustodianReferendum.isBlocked
DA:162,1
DA:168,13
FN:168,CustodianReferendum.register
FNDA:13,CustodianReferendum.register
DA:181,13
DA:182,13
BRDA:182,1,0,-
DA:186,13
DA:187,12
DA:188,12
DA:190,12
DA:193,12
DA:194,12
DA:199,8
FN:199,CustodianReferendum.approve
FNDA:8,CustodianReferendum.approve
DA:200,8
DA:201,8
DA:202,8
DA:207,3
FN:207,CustodianReferendum.revoke
FNDA:3,CustodianReferendum.revoke
DA:208,3
DA:209,3
DA:210,3
DA:215,2
FN:215,CustodianReferendum.setExpirationPeriod
FNDA:2,CustodianReferendum.setExpirationPeriod
DA:216,2
DA:217,2
DA:223,0
FN:223,CustodianReferendum._authorizeUpgrade
FNDA:0,CustodianReferendum._authorizeUpgrade
FNF:14
FNH:13
LF:49
LH:43
BRF:2
BRH:0
end_of_record
TN:
SF:contracts/economics/MMC.sol
DA:18,44
FN:18,MMC.constructor
FNDA:44,MMC.constructor
DA:22,44
DA:28,0
FN:28,MMC.nonces
FNDA:0,MMC.nonces
DA:29,0
DA:33,81
FN:33,MMC._update
FNDA:81,MMC._update
DA:34,81
FNF:3
FNH:2
LF:6
LH:4
BRF:0
BRH:0
end_of_record
TN:
SF:contracts/economics/Tollgate.sol
DA:58,21
FN:58,Tollgate.onlyValidFeeRepresentation
FNDA:21,Tollgate.onlyValidFeeRepresentation
DA:59,21
BRDA:59,0,0,1
DA:60,20
BRDA:60,1,0,1
DA:65,22
FN:65,Tollgate.constructor
FNDA:22,Tollgate.constructor
DA:66,0
DA:71,22
FN:71,Tollgate.initialize
FNDA:22,Tollgate.initialize
DA:72,0
DA:73,22
DA:80,0
FN:80,Tollgate.isSupportedCurrency
FNDA:0,Tollgate.isSupportedCurrency
DA:81,0
DA:87,0
FN:87,Tollgate.supportedCurrencies
FNDA:0,Tollgate.supportedCurrencies
DA:88,0
DA:95,18
FN:95,Tollgate.getFees
FNDA:18,Tollgate.getFees
DA:97,18
BRDA:97,2,0,-
DA:98,0
DA:101,18
DA:102,18
DA:103,18
DA:104,18
DA:112,19
FN:112,Tollgate.setFees
FNDA:19,Tollgate.setFees
DA:125,19
BRDA:125,3,0,-
DA:126,19
DA:128,19
DA:129,19
DA:130,19
DA:131,19
DA:136,0
FN:136,Tollgate._authorizeUpgrade
FNDA:0,Tollgate._authorizeUpgrade
DA:142,18
FN:142,Tollgate._isSchemeSupported
FNDA:18,Tollgate._isSchemeSupported
DA:143,18
DA:144,18
DA:145,18
DA:153,55
FN:153,Tollgate._computeComposedKey
FNDA:55,Tollgate._computeComposedKey
DA:154,55
FNF:10
FNH:7
LF:33
LH:25
BRF:4
BRH:2
end_of_record
TN:
SF:contracts/economics/Treasury.sol
DA:36,0
FN:36,Treasury.constructor
FNDA:0,Treasury.constructor
DA:39,0
DA:42,0
FN:42,Treasury.initialize
FNDA:0,Treasury.initialize
DA:43,0
DA:44,0
DA:45,0
DA:60,0
FN:60,Treasury.deposit
FNDA:0,Treasury.deposit
DA:67,0
DA:76,0
FN:76,Treasury.collectFees
FNDA:0,Treasury.collectFees
DA:77,0
DA:78,0
DA:79,0
DA:80,0
DA:86,0
FN:86,Treasury._authorizeUpgrade
FNDA:0,Treasury._authorizeUpgrade
FNF:5
FNH:0
LF:14
LH:0
BRF:0
BRH:0
end_of_record
TN:
SF:contracts/financial/AgreementManager.sol
DA:67,0
FN:67,AgreementManager.onlySupportedCurrency
FNDA:0,AgreementManager.onlySupportedCurrency
DA:68,0
DA:69,0
BRDA:69,0,0,-
DA:74,0
FN:74,AgreementManager.constructor
FNDA:0,AgreementManager.constructor
DA:77,0
DA:79,0
DA:80,0
DA:84,0
FN:84,AgreementManager.initialize
FNDA:0,AgreementManager.initialize
DA:85,0
DA:86,0
DA:95,0
FN:95,AgreementManager.createAgreement
FNDA:0,AgreementManager.createAgreement
DA:103,0
DA:104,0
DA:107,0
DA:108,0
DA:109,0
DA:114,0
FN:114,AgreementManager.getAgreement
FNDA:0,AgreementManager.getAgreement
DA:115,0
DA:124,0
FN:124,AgreementManager.previewAgreement
FNDA:0,AgreementManager.previewAgreement
DA:131,0
BRDA:131,1,0,-
DA:132,0
DA:150,0
DA:153,0
DA:168,0
FN:168,AgreementManager._authorizeUpgrade
FNDA:0,AgreementManager._authorizeUpgrade
DA:171,0
FN:171,AgreementManager._createAndStoreProof
FNDA:0,AgreementManager._createAndStoreProof
DA:173,0
DA:174,0
DA:175,0
DA:176,0
DA:185,0
FN:185,AgreementManager._calcFees
FNDA:0,AgreementManager._calcFees
DA:187,0
DA:188,0
DA:189,0
DA:190,0
BRDA:190,4,0,-
DA:191,0
FNF:9
FNH:0
LF:35
LH:0
BRF:3
BRH:0
end_of_record
TN:
SF:contracts/financial/AgreementSettler.sol
DA:82,0
FN:82,AgreementSettler.onlyValidAgreement
FNDA:0,AgreementSettler.onlyValidAgreement
DA:83,0
BRDA:83,0,0,-
DA:84,0
DA:90,0
FN:90,AgreementSettler.constructor
FNDA:0,AgreementSettler.constructor
DA:93,0
DA:94,0
DA:95,0
DA:96,0
DA:100,0
FN:100,AgreementSettler.initialize
FNDA:0,AgreementSettler.initialize
DA:101,0
DA:102,0
DA:103,0
DA:104,0
DA:121,0
FN:121,AgreementSettler.quitAgreement
FNDA:0,AgreementSettler.quitAgreement
DA:122,0
DA:123,0
BRDA:123,1,0,-
DA:138,0
DA:139,0
DA:140,0
DA:141,0
DA:143,0
DA:146,0
DA:147,0
DA:148,0
DA:150,0
DA:151,0
DA:157,0
FN:157,AgreementSettler.settleAgreement
FNDA:0,AgreementSettler.settleAgreement
DA:162,0
DA:163,0
BRDA:163,2,0,-
DA:165,0
DA:166,0
DA:167,0
DA:168,0
DA:169,0
DA:173,0
DA:177,0
DA:178,0
DA:179,0
DA:182,0
DA:183,0
DA:189,0
FN:189,AgreementSettler._authorizeUpgrade
FNDA:0,AgreementSettler._authorizeUpgrade
DA:193,0
FN:193,AgreementSettler._setProofAsSettled
FNDA:0,AgreementSettler._setProofAsSettled
DA:194,0
FNF:7
FNH:0
LF:43
LH:0
BRF:3
BRH:0
end_of_record
TN:
SF:contracts/financial/LedgerVault.sol
DA:65,57
FN:65,LedgerVault.constructor
FNDA:57,LedgerVault.constructor
DA:68,0
DA:71,57
FN:71,LedgerVault.initialize
FNDA:57,LedgerVault.initialize
DA:72,0
DA:73,0
DA:74,0
DA:75,57
DA:85,13
FN:85,LedgerVault.lock
FNDA:13,LedgerVault.lock
DA:90,13
BRDA:90,0,0,1
DA:91,12
DA:92,12
DA:93,12
DA:94,0
DA:101,0
FN:101,LedgerVault.release
FNDA:0,LedgerVault.release
DA:106,0
BRDA:106,1,0,-
DA:107,0
DA:108,0
DA:109,0
DA:110,0
DA:119,12
FN:119,LedgerVault.claim
FNDA:12,LedgerVault.claim
DA:124,12
BRDA:124,2,0,-
DA:125,12
DA:126,12
DA:127,12
DA:128,0
DA:136,12
FN:136,LedgerVault._subLockedAmount
FNDA:12,LedgerVault._subLockedAmount
DA:137,12
DA:145,12
FN:145,LedgerVault._sumLockedAmount
FNDA:12,LedgerVault._sumLockedAmount
DA:146,12
DA:154,12
FN:154,LedgerVault._getLockedAmount
FNDA:12,LedgerVault._getLockedAmount
DA:155,12
DA:161,0
FN:161,LedgerVault._authorizeUpgrade
FNDA:0,LedgerVault._authorizeUpgrade
FNF:9
FNH:7
LF:32
LH:19
BRF:3
BRH:1
end_of_record
TN:
SF:contracts/governance/Governance.sol
DA:56,0
FN:56,Governance.state
FNDA:0,Governance.state
DA:57,0
DA:62,0
FN:62,Governance.proposalNeedsQueuing
FNDA:0,Governance.proposalNeedsQueuing
DA:65,0
DA:77,0
FN:77,Governance._queueOperations
FNDA:0,Governance._queueOperations
DA:84,0
DA:95,0
FN:95,Governance._executeOperations
FNDA:0,Governance._executeOperations
DA:102,0
DA:113,0
FN:113,Governance._cancel
FNDA:0,Governance._cancel
DA:119,0
DA:126,0
FN:126,Governance._executor
FNDA:0,Governance._executor
DA:127,0
DA:134,0
FN:134,Governance.proposalThreshold
FNDA:0,Governance.proposalThreshold
DA:135,0
FNF:7
FNH:0
LF:14
LH:0
BRF:0
BRH:0
end_of_record
TN:
SF:contracts/policies/PolicyAudit.sol
DA:43,0
FN:43,PolicyAudit.onlyValidPolicy
FNDA:0,PolicyAudit.onlyValidPolicy
DA:44,0
BRDA:44,0,0,-
DA:45,0
DA:52,0
FN:52,PolicyAudit.constructor
FNDA:0,PolicyAudit.constructor
DA:53,0
DA:58,0
FN:58,PolicyAudit.initialize
FNDA:0,PolicyAudit.initialize
DA:59,0
DA:60,0
DA:61,0
DA:69,0
FN:69,PolicyAudit.submit
FNDA:0,PolicyAudit.submit
DA:70,0
DA:71,0
DA:77,0
FN:77,PolicyAudit.approve
FNDA:0,PolicyAudit.approve
DA:78,0
DA:79,0
DA:85,0
FN:85,PolicyAudit.reject
FNDA:0,PolicyAudit.reject
DA:86,0
DA:87,0
DA:92,0
FN:92,PolicyAudit.isAudited
FNDA:0,PolicyAudit.isAudited
DA:93,0
DA:99,0
FN:99,PolicyAudit._authorizeUpgrade
FNDA:0,PolicyAudit._authorizeUpgrade
FNF:8
FNH:0
LF:21
LH:0
BRF:1
BRH:0
end_of_record
TN:
SF:contracts/policies/PolicyBase.sol
DA:74,0
FN:74,PolicyBase.onlyPolicyManager
FNDA:0,PolicyBase.onlyPolicyManager
DA:75,0
BRDA:75,0,0,-
DA:76,0
DA:82,0
FN:82,PolicyBase.onlyPolicyAuthorizer
FNDA:0,PolicyBase.onlyPolicyAuthorizer
DA:83,0
BRDA:83,1,0,-
DA:84,0
DA:94,0
FN:94,PolicyBase.activate
FNDA:0,PolicyBase.activate
DA:95,0
DA:97,0
DA:105,0
FN:105,PolicyBase.active
FNDA:0,PolicyBase.active
DA:106,0
BRDA:106,2,0,-
DA:107,0
DA:112,0
FN:112,PolicyBase.constructor
FNDA:0,PolicyBase.constructor
DA:118,0
DA:119,0
DA:120,0
DA:121,0
DA:125,0
FN:125,PolicyBase.isActive
FNDA:0,PolicyBase.isActive
DA:126,0
DA:131,0
FN:131,PolicyBase.getAttestationProvider
FNDA:0,PolicyBase.getAttestationProvider
DA:132,0
DA:138,0
FN:138,PolicyBase.supportsInterface
FNDA:0,PolicyBase.supportsInterface
DA:139,0
DA:146,0
FN:146,PolicyBase.getLicense
FNDA:0,PolicyBase.getLicense
DA:148,0
DA:149,0
DA:154,0
FN:154,PolicyBase._getHolder
FNDA:0,PolicyBase._getHolder
DA:155,0
DA:162,0
FN:162,PolicyBase._commit
FNDA:0,PolicyBase._commit
DA:167,0
DA:168,0
DA:170,0
DA:171,0
DA:179,0
FN:179,PolicyBase._setAttestation
FNDA:0,PolicyBase._setAttestation
DA:181,0
DA:182,0
DA:183,0
DA:191,0
FN:191,PolicyBase._computeComposedKey
FNDA:0,PolicyBase._computeComposedKey
DA:198,0
FNF:13
FNH:0
LF:39
LH:0
BRF:3
BRH:0
end_of_record
TN:
SF:contracts/rights/RightsAssetCustodian.sol
DA:58,0
FN:58,RightsAssetCustodian.onlyActiveCustodian
FNDA:0,RightsAssetCustodian.onlyActiveCustodian
DA:59,0
BRDA:59,0,0,-
DA:60,0
DA:66,0
FN:66,RightsAssetCustodian.onlyAvailableRedundancy
FNDA:0,RightsAssetCustodian.onlyAvailableRedundancy
DA:67,0
DA:68,0
BRDA:68,1,0,-
DA:69,0
DA:75,0
FN:75,RightsAssetCustodian.constructor
FNDA:0,RightsAssetCustodian.constructor
DA:78,0
DA:80,0
DA:84,0
FN:84,RightsAssetCustodian.initialize
FNDA:0,RightsAssetCustodian.initialize
DA:85,0
DA:86,0
DA:91,0
DA:98,0
FN:98,RightsAssetCustodian.setMaxAllowedRedundancy
FNDA:0,RightsAssetCustodian.setMaxAllowedRedundancy
DA:99,0
DA:104,0
FN:104,RightsAssetCustodian.revokeCustody
FNDA:0,RightsAssetCustodian.revokeCustody
DA:106,0
DA:107,0
BRDA:107,2,0,-
DA:108,0
DA:109,0
DA:114,0
FN:114,RightsAssetCustodian.grantCustody
FNDA:0,RightsAssetCustodian.grantCustody
DA:120,0
DA:121,0
BRDA:121,3,0,-
DA:122,0
DA:123,0
DA:129,0
FN:129,RightsAssetCustodian.isCustodian
FNDA:0,RightsAssetCustodian.isCustodian
DA:130,0
DA:135,0
FN:135,RightsAssetCustodian.getCustodyCount
FNDA:0,RightsAssetCustodian.getCustodyCount
DA:136,0
DA:145,0
FN:145,RightsAssetCustodian.getBalancedCustodian
FNDA:0,RightsAssetCustodian.getBalancedCustodian
DA:146,0
DA:147,0
DA:148,0
DA:163,0
DA:164,0
DA:168,0
DA:182,0
DA:184,0
DA:205,0
DA:206,0
DA:207,0
BRDA:207,4,0,-
DA:208,0
DA:213,0
DA:221,0
FN:221,RightsAssetCustodian.getCustodians
FNDA:0,RightsAssetCustodian.getCustodians
DA:222,0
DA:228,0
FN:228,RightsAssetCustodian._authorizeUpgrade
FNDA:0,RightsAssetCustodian._authorizeUpgrade
DA:233,0
FN:233,RightsAssetCustodian._isValidActiveCustodian
FNDA:0,RightsAssetCustodian._isValidActiveCustodian
DA:234,0
DA:239,0
FN:239,RightsAssetCustodian._incrementCustody
FNDA:0,RightsAssetCustodian._incrementCustody
DA:240,0
DA:245,0
FN:245,RightsAssetCustodian._decrementCustody
FNDA:0,RightsAssetCustodian._decrementCustody
DA:246,0
BRDA:246,5,0,-
DA:247,0
FNF:15
FNH:0
LF:54
LH:0
BRF:6
BRH:0
end_of_record
TN:
SF:contracts/rights/RightsPolicyAuthorizer.sol
DA:68,0
FN:68,RightsPolicyAuthorizer.onlyAuditedPolicies
FNDA:0,RightsPolicyAuthorizer.onlyAuditedPolicies
DA:70,0
BRDA:70,0,0,-
DA:75,0
FN:75,RightsPolicyAuthorizer.constructor
FNDA:0,RightsPolicyAuthorizer.constructor
DA:78,0
DA:80,0
DA:84,0
FN:84,RightsPolicyAuthorizer.initialize
FNDA:0,RightsPolicyAuthorizer.initialize
DA:85,0
DA:86,0
DA:92,0
FN:92,RightsPolicyAuthorizer.authorizePolicy
FNDA:0,RightsPolicyAuthorizer.authorizePolicy
DA:93,0
DA:94,0
DA:95,0
DA:100,0
FN:100,RightsPolicyAuthorizer.revokePolicy
FNDA:0,RightsPolicyAuthorizer.revokePolicy
DA:102,0
DA:103,0
BRDA:103,1,0,-
DA:104,0
DA:110,0
FN:110,RightsPolicyAuthorizer.isPolicyAuthorized
FNDA:0,RightsPolicyAuthorizer.isPolicyAuthorized
DA:111,0
DA:118,0
FN:118,RightsPolicyAuthorizer.getAuthorizedPolicies
FNDA:0,RightsPolicyAuthorizer.getAuthorizedPolicies
DA:125,0
DA:126,0
DA:127,0
DA:128,0
DA:130,0
DA:131,0
DA:132,0
DA:136,0
DA:149,0
DA:151,0
DA:157,0
FN:157,RightsPolicyAuthorizer._authorizeUpgrade
FNDA:0,RightsPolicyAuthorizer._authorizeUpgrade
DA:163,0
FN:163,RightsPolicyAuthorizer._isValidPolicy
FNDA:0,RightsPolicyAuthorizer._isValidPolicy
DA:164,0
DA:170,0
FN:170,RightsPolicyAuthorizer._initializePolicy
FNDA:0,RightsPolicyAuthorizer._initializePolicy
DA:172,0
DA:173,0
BRDA:173,3,0,-
FNF:10
FNH:0
LF:35
LH:0
BRF:3
BRH:0
end_of_record
TN:
SF:contracts/rights/RightsPolicyManager.sol
DA:68,0
FN:68,RightsPolicyManager.onlyAuthorizedPolicy
FNDA:0,RightsPolicyManager.onlyAuthorizedPolicy
DA:69,0
DA:70,0
BRDA:70,0,0,-
DA:75,0
FN:75,RightsPolicyManager.constructor
FNDA:0,RightsPolicyManager.constructor
DA:78,0
DA:79,0
DA:80,0
DA:84,0
FN:84,RightsPolicyManager.initialize
FNDA:0,RightsPolicyManager.initialize
DA:85,0
DA:86,0
DA:94,0
FN:94,RightsPolicyManager.registerPolicy
FNDA:0,RightsPolicyManager.registerPolicy
DA:100,0
DA:101,0
DA:106,0
DA:107,0
BRDA:107,1,0,-
DA:109,0
DA:110,0
DA:111,0
DA:117,0
FN:117,RightsPolicyManager.getActivePolicy
FNDA:0,RightsPolicyManager.getActivePolicy
DA:118,0
DA:119,0
DA:122,0
DA:124,0
BRDA:124,2,0,-
DA:125,0
DA:129,0
DA:138,0
FN:138,RightsPolicyManager.getActivePolicies
FNDA:0,RightsPolicyManager.getActivePolicies
DA:139,0
DA:140,0
DA:141,0
DA:142,0
DA:145,0
DA:146,0
DA:147,0
DA:151,0
DA:164,0
DA:166,0
DA:171,0
FN:171,RightsPolicyManager.getPolicies
FNDA:0,RightsPolicyManager.getPolicies
DA:178,0
DA:185,0
FN:185,RightsPolicyManager.isActivePolicy
FNDA:0,RightsPolicyManager.isActivePolicy
DA:186,0
DA:187,0
DA:194,0
FN:194,RightsPolicyManager.isRegisteredPolicy
FNDA:0,RightsPolicyManager.isRegisteredPolicy
DA:195,0
DA:201,0
FN:201,RightsPolicyManager._authorizeUpgrade
FNDA:0,RightsPolicyManager._authorizeUpgrade
DA:208,0
FN:208,RightsPolicyManager._verifyPolicyAccess
FNDA:0,RightsPolicyManager._verifyPolicyAccess
DA:209,0
DA:210,0
DA:211,0
DA:212,0
DA:222,0
FN:222,RightsPolicyManager._registerBatchPolicies
FNDA:0,RightsPolicyManager._registerBatchPolicies
DA:228,0
DA:230,0
DA:231,0
DA:232,0
DA:241,0
FN:241,RightsPolicyManager._registerPolicy
FNDA:0,RightsPolicyManager._registerPolicy
DA:242,0
FNF:13
FNH:0
LF:56
LH:0
BRF:3
BRH:0
end_of_record
TN:
SF:script/create3/CREATE3Factory.sol
DA:10,245
FN:10,CREATE3Factory.deploy
FNDA:245,CREATE3Factory.deploy
DA:12,245
DA:16,421
FN:16,CREATE3Factory.getDeployed
FNDA:421,CREATE3Factory.getDeployed
DA:18,421
FNF:2
FNH:2
LF:4
LH:4
BRF:0
BRH:0
end_of_record
TN:
SF:script/deployment/00_Deploy_Base.s.sol
DA:14,666
FN:14,DeployBase.getCreate3FactoryAddress
FNDA:666,DeployBase.getCreate3FactoryAddress
DA:15,666
DA:18,346
FN:18,DeployBase.getAdminPK
FNDA:346,DeployBase.getAdminPK
DA:19,346
DA:23,723
FN:23,DeployBase.getSalt
FNDA:723,DeployBase.getSalt
DA:24,723
DA:27,421
FN:27,DeployBase.computeCreate3Address
FNDA:421,DeployBase.computeCreate3Address
DA:32,421
DA:43,421
DA:46,70
FN:46,DeployBase.deploy
FNDA:70,DeployBase.deploy
DA:48,70
DA:49,70
DA:52,175
FN:52,DeployBase.deployUUPS
FNDA:175,DeployBase.deployUUPS
DA:58,175
DA:62,175
DA:63,175
DA:65,175
DA:85,175
DA:89,245
FN:89,DeployBase._checkExpectedAddress
FNDA:245,DeployBase._checkExpectedAddress
DA:90,245
DA:91,245
BRDA:91,0,0,-
BRDA:91,0,1,-
DA:94,302
FN:94,DeployBase._logAddress
FNDA:302,DeployBase._logAddress
DA:95,302
DA:96,302
DA:97,302
FNF:8
FNH:8
LF:25
LH:25
BRF:2
BRH:0
end_of_record
TN:
SF:script/deployment/01_Deploy_Base_Create3.s.sol
DA:8,57
FN:8,DeployCreate3Factory.run
FNDA:57,DeployCreate3Factory.run
DA:10,57
DA:11,57
DA:12,57
DA:15,0
DA:16,0
BRDA:16,0,0,-
DA:17,0
DA:21,57
DA:22,57
DA:23,0
FNF:1
FNH:1
LF:10
LH:6
BRF:1
BRH:0
end_of_record
TN:
SF:script/deployment/02_Deploy_Access_AccessManager.s.sol
DA:9,57
FN:9,DeployAccessManager.run
FNDA:57,DeployAccessManager.run
DA:10,57
DA:11,57
DA:13,57
DA:14,57
DA:15,57
DA:16,57
DA:17,57
DA:19,57
DA:20,57
DA:21,0
FNF:1
FNH:1
LF:11
LH:10
BRF:0
BRH:0
end_of_record
TN:
SF:script/deployment/03_Deploy_Economics_Token.s.sol
DA:8,44
FN:8,DeployToken.run
FNDA:44,DeployToken.run
DA:9,44
DA:10,44
DA:12,44
DA:13,44
DA:15,44
DA:16,44
DA:17,44
DA:19,44
DA:20,44
DA:21,0
FNF:1
FNH:1
LF:11
LH:10
BRF:0
BRH:0
end_of_record
TN:
SF:script/deployment/04_Deploy_Economics_Tollgate.s.sol
DA:10,22
FN:10,DeployTollgate.run
FNDA:22,DeployTollgate.run
DA:11,22
DA:12,22
DA:13,22
DA:14,22
DA:15,22
DA:16,22
DA:18,22
DA:19,22
DA:20,0
FNF:1
FNH:1
LF:10
LH:9
BRF:0
BRH:0
end_of_record
TN:
SF:script/deployment/05_Deploy_Economics_Treasury.s.sol
DA:10,0
FN:10,DeployTreasury.run
FNDA:0,DeployTreasury.run
DA:11,0
DA:12,0
DA:13,0
DA:14,0
DA:15,0
DA:16,0
DA:18,0
DA:19,0
DA:20,0
FNF:1
FNH:0
LF:10
LH:0
BRF:0
BRH:0
end_of_record
TN:
SF:script/deployment/06_Deploy_Financial_LedgerVault.s.sol
DA:8,57
FN:8,DeployLedgerVault.run
FNDA:57,DeployLedgerVault.run
DA:10,57
DA:11,57
DA:12,57
DA:13,57
DA:14,57
DA:15,57
DA:17,57
DA:18,57
DA:19,0
FNF:1
FNH:1
LF:10
LH:9
BRF:0
BRH:0
end_of_record
TN:
SF:script/deployment/07_Deploy_Financial_AgreementManager.s.sol
DA:8,0
FN:8,DeployAgreementManager.run
FNDA:0,DeployAgreementManager.run
DA:9,0
DA:10,0
DA:11,0
DA:12,0
DA:13,0
DA:14,0
DA:15,0
DA:16,0
DA:18,0
DA:19,0
DA:20,0
FNF:1
FNH:0
LF:12
LH:0
BRF:0
BRH:0
end_of_record
TN:
SF:script/deployment/08_Deploy_Financial_AgreementSettler.s.sol
DA:8,0
FN:8,DeployAgreementSettler.run
FNDA:0,DeployAgreementSettler.run
DA:10,0
DA:11,0
DA:12,0
DA:13,0
DA:14,0
DA:15,0
DA:16,0
DA:17,0
DA:18,0
DA:20,0
DA:21,0
DA:22,0
FNF:1
FNH:0
LF:13
LH:0
BRF:0
BRH:0
end_of_record
TN:
SF:script/deployment/09_Deploy_Custody_CustodianFactory.s.sol
DA:9,26
FN:9,DeployCustodianFactory.run
FNDA:26,DeployCustodianFactory.run
DA:11,26
DA:12,26
DA:13,26
DA:14,26
DA:15,26
DA:16,26
DA:18,26
DA:19,26
DA:20,0
FNF:1
FNH:1
LF:10
LH:9
BRF:0
BRH:0
end_of_record
TN:
SF:script/deployment/10_Deploy_Custody_CustodianReferendum.s.sol
DA:9,16
FN:9,DeployCustodianReferendum.run
FNDA:16,DeployCustodianReferendum.run
DA:10,16
DA:11,16
DA:12,16
DA:13,16
DA:14,16
DA:15,16
DA:16,16
DA:17,16
DA:18,16
DA:20,16
DA:21,16
DA:22,0
FNF:1
FNH:1
LF:13
LH:12
BRF:0
BRH:0
end_of_record
TN:
SF:script/deployment/11_Deploy_Assets_AssetReferendum.s.sol
DA:8,13
FN:8,DeployAssetReferendum.run
FNDA:13,DeployAssetReferendum.run
DA:9,13
DA:10,13
DA:11,13
DA:12,13
DA:13,13
DA:14,13
DA:16,13
DA:17,13
DA:18,0
FNF:1
FNH:1
LF:10
LH:9
BRF:0
BRH:0
end_of_record
TN:
SF:script/deployment/12_Deploy_Assets_AssetOwnership.s.sol
DA:8,5
FN:8,DeployAssetOwnership.run
FNDA:5,DeployAssetOwnership.run
DA:10,5
DA:11,5
DA:12,5
DA:13,5
DA:14,5
DA:15,5
DA:16,5
DA:18,5
DA:19,5
DA:20,0
FNF:1
FNH:1
LF:11
LH:10
BRF:0
BRH:0
end_of_record
TN:
SF:script/deployment/13_Deploy_Assets_AssetSafe.s.sol
DA:8,5
FN:8,DeployAssetSafe.run
FNDA:5,DeployAssetSafe.run
DA:10,5
DA:11,5
DA:12,5
DA:13,5
DA:14,5
DA:15,5
DA:16,5
DA:18,5
DA:19,5
DA:20,0
FNF:1
FNH:1
LF:11
LH:10
BRF:0
BRH:0
end_of_record
TN:
SF:script/deployment/14_Deploy_Policies_PolicyAudit.s.sol
DA:10,0
FN:10,DeployPolicyAudit.run
FNDA:0,DeployPolicyAudit.run
DA:11,0
DA:12,0
DA:13,0
DA:14,0
DA:15,0
DA:16,0
DA:18,0
DA:19,0
DA:20,0
FNF:1
FNH:0
LF:10
LH:0
BRF:0
BRH:0
end_of_record
TN:
SF:script/deployment/15_Deploy_RightsManager_AssetCustodian.s.sol
DA:8,0
FN:8,DeployRightsAssetCustodian.run
FNDA:0,DeployRightsAssetCustodian.run
DA:10,0
DA:11,0
DA:12,0
DA:13,0
DA:14,0
DA:15,0
DA:16,0
DA:18,0
DA:19,0
DA:20,0
FNF:1
FNH:0
LF:11
LH:0
BRF:0
BRH:0
end_of_record
TN:
SF:script/deployment/16_Deploy_RightsManager_PolicyAuthorizer.s.sol
DA:8,0
FN:8,DeployRightsPolicyAuthorizer.run
FNDA:0,DeployRightsPolicyAuthorizer.run
DA:10,0
DA:11,0
DA:12,0
DA:13,0
DA:14,0
DA:15,0
DA:16,0
DA:18,0
DA:19,0
DA:20,0
FNF:1
FNH:0
LF:11
LH:0
BRF:0
BRH:0
end_of_record
TN:
SF:script/deployment/17_Deploy_RightsManager_PolicyManager.s.sol
DA:8,0
FN:8,DeployRightsPolicyManager.run
FNDA:0,DeployRightsPolicyManager.run
DA:10,0
DA:11,0
DA:12,0
DA:13,0
DA:14,0
DA:15,0
DA:16,0
DA:17,0
DA:19,0
DA:20,0
DA:21,0
FNF:1
FNH:0
LF:12
LH:0
BRF:0
BRH:0
end_of_record
TN:
SF:script/orchestration/01_Orchestrate_ProtocolHydration.s.sol
DA:18,0
FN:18,OrchestrateProtocolHydration.run
FNDA:0,OrchestrateProtocolHydration.run
DA:19,0
DA:20,0
DA:21,0
DA:22,0
DA:23,0
DA:24,0
DA:25,0
DA:26,0
DA:27,0
DA:28,0
DA:29,0
DA:31,0
DA:35,0
DA:36,0
DA:39,0
DA:42,0
DA:43,0
DA:44,0
DA:45,0
DA:47,0
DA:48,0
DA:49,0
DA:50,0
DA:53,0
DA:54,0
DA:55,0
DA:58,0
DA:59,0
DA:60,0
DA:61,0
DA:62,0
DA:65,0
DA:66,0
DA:67,0
DA:69,0
DA:71,0
DA:72,0
DA:74,0
DA:75,0
DA:77,0
BRDA:77,0,0,-
BRDA:77,0,1,-
DA:78,0
BRDA:78,1,0,-
BRDA:78,1,1,-
DA:80,0
FNF:1
FNH:0
LF:43
LH:0
BRF:4
BRH:0
end_of_record
TN:
SF:script/orchestration/02_Orchestrate_ProtocolCustodianNetwork.s.sol
DA:12,0
FN:12,OrchestrateProtocolCustodianNetwork.run
FNDA:0,OrchestrateProtocolCustodianNetwork.run
DA:13,0
DA:14,0
DA:15,0
DA:16,0
DA:17,0
DA:18,0
DA:20,0
DA:22,0
DA:23,0
DA:25,0
DA:26,0
DA:28,0
BRDA:28,0,0,-
BRDA:28,0,1,-
DA:29,0
BRDA:29,1,0,-
BRDA:29,1,1,-
DA:32,0
DA:33,0
DA:35,0
DA:36,0
DA:37,0
DA:39,0
FNF:1
FNH:0
LF:20
LH:0
BRF:4
BRH:0
end_of_record
TN:
SF:script/orchestration/03_Orchestrate_ProtocolRightsCustodian.s.sol
DA:8,0
FN:8,OrchestrateRightsCustodian.run
FNDA:0,OrchestrateRightsCustodian.run
DA:9,0
DA:10,0
DA:11,0
DA:13,0
DA:15,0
DA:16,0
DA:17,0
BRDA:17,0,0,-
BRDA:17,0,1,-
DA:18,0
FNF:1
FNH:0
LF:9
LH:0
BRF:2
BRH:0
end_of_record
TN:
SF:script/upgrades/00_Upgrade_Base.s.sol
DA:10,0
FN:10,UpgradeBase.getAdminPK
FNDA:0,UpgradeBase.getAdminPK
DA:11,0
DA:14,0
FN:14,UpgradeBase.upgradeAndCallUUPS
FNDA:0,UpgradeBase.upgradeAndCallUUPS
DA:15,0
BRDA:15,0,0,-
BRDA:15,0,1,-
DA:16,0
BRDA:16,1,0,-
BRDA:16,1,1,-
DA:17,0
BRDA:17,2,0,-
BRDA:17,2,1,-
DA:20,0
DA:21,0
BRDA:21,3,0,-
BRDA:21,3,1,-
DA:22,0
FNF:2
FNH:0
LF:9
LH:0
BRF:8
BRH:0
end_of_record
TN:
SF:script/upgrades/01_Upgrade_Economics_Tollgate.s.sol
DA:9,0
FN:9,UpgradeTollgate.run
FNDA:0,UpgradeTollgate.run
DA:10,0
DA:11,0
DA:12,0
DA:15,0
DA:16,0
DA:17,0
FNF:1
FNH:0
LF:7
LH:0
BRF:0
BRH:0
end_of_record
TN:
SF:script/upgrades/02_Upgrade_Economics_Treasury.s.sol
DA:9,0
FN:9,UpgradeTreasury.run
FNDA:0,UpgradeTreasury.run
DA:10,0
DA:11,0
DA:12,0
DA:15,0
DA:16,0
DA:17,0
FNF:1
FNH:0
LF:7
LH:0
BRF:0
BRH:0
end_of_record
TN:
SF:script/upgrades/06_Upgrade_Financial_LedgerVault.s.sol
DA:9,0
FN:9,UpgradeLedgerVault.run
FNDA:0,UpgradeLedgerVault.run
DA:10,0
DA:11,0
DA:12,0
DA:16,0
DA:17,0
DA:18,0
FNF:1
FNH:0
LF:7
LH:0
BRF:0
BRH:0
end_of_record
TN:
SF:script/upgrades/07_Upgrade_Financial_AgreementManager.s.sol
DA:9,0
FN:9,UpgradeAgreementManager.run
FNDA:0,UpgradeAgreementManager.run
DA:10,0
DA:11,0
DA:12,0
DA:13,0
DA:14,0
DA:18,0
DA:19,0
DA:20,0
FNF:1
FNH:0
LF:9
LH:0
BRF:0
BRH:0
end_of_record
TN:
SF:script/upgrades/10_Upgrade_Custody_CustodianReferendum.s.sol
DA:9,0
FN:9,UpgradeCustodianReferendum.run
FNDA:0,UpgradeCustodianReferendum.run
DA:10,0
DA:11,0
DA:12,0
DA:13,0
DA:14,0
DA:15,0
DA:19,0
DA:20,0
DA:21,0
FNF:1
FNH:0
LF:10
LH:0
BRF:0
BRH:0
end_of_record
TN:
SF:script/upgrades/11_Upgrade_Assets_AssetReferendum.s.sol
DA:9,0
FN:9,UpgradeAssetReferendum.run
FNDA:0,UpgradeAssetReferendum.run
DA:10,0
DA:11,0
DA:12,0
DA:16,0
DA:17,0
DA:18,0
FNF:1
FNH:0
LF:7
LH:0
BRF:0
BRH:0
end_of_record
TN:
SF:script/upgrades/12_Upgrade_Assets_AssetOwnership.s.sol
DA:9,0
FN:9,UpgradeAssetOwnership.run
FNDA:0,UpgradeAssetOwnership.run
DA:10,0
DA:11,0
DA:12,0
DA:13,0
DA:17,0
DA:18,0
DA:19,0
FNF:1
FNH:0
LF:8
LH:0
BRF:0
BRH:0
end_of_record
TN:
SF:script/upgrades/14_Upgrade_Policies_PolicyAudit.s.sol
DA:9,0
FN:9,UpgradePolicyAudit.run
FNDA:0,UpgradePolicyAudit.run
DA:10,0
DA:11,0
DA:12,0
DA:16,0
DA:17,0
DA:18,0
FNF:1
FNH:0
LF:7
LH:0
BRF:0
BRH:0
end_of_record
TN:
SF:script/upgrades/16_Upgrade_Rights_RightsPolicyAuthorizer.s.sol
DA:9,0
FN:9,UpgradeRightsPolicyAuthorizer.run
FNDA:0,UpgradeRightsPolicyAuthorizer.run
DA:10,0
DA:11,0
DA:12,0
DA:13,0
DA:17,0
DA:18,0
DA:19,0
FNF:1
FNH:0
LF:8
LH:0
BRF:0
BRH:0
end_of_record
TN:
SF:script/upgrades/17_Upgrade_Rights_RightsPolicyManager.s.sol
DA:9,0
FN:9,UpgradeRightsPolicyManager.run
FNDA:0,UpgradeRightsPolicyManager.run
DA:10,0
DA:11,0
DA:12,0
DA:13,0
DA:14,0
DA:18,0
DA:19,0
DA:20,0
FNF:1
FNH:0
LF:9
LH:0
BRF:0
BRH:0
end_of_record
TN:
SF:test/BaseTest.t.sol
DA:36,57
FN:36,BaseTest.initialize
FNDA:57,BaseTest.initialize
DA:38,57
DA:39,57
DA:40,57
DA:41,0
DA:42,0
DA:43,57
DA:48,57
FN:48,BaseTest.deployCreate3Factory
FNDA:57,BaseTest.deployCreate3Factory
DA:50,57
DA:51,57
DA:53,57
DA:54,57
DA:58,57
FN:58,BaseTest.deployAccessManager
FNDA:57,BaseTest.deployAccessManager
DA:60,57
DA:61,57
DA:63,57
DA:65,57
DA:66,57
DA:70,22
FN:70,BaseTest.deployTollgate
FNDA:22,BaseTest.deployTollgate
DA:72,22
DA:73,22
DA:74,22
DA:76,22
DA:77,0
DA:81,57
FN:81,BaseTest.deployLedgerVault
FNDA:57,BaseTest.deployLedgerVault
DA:83,57
DA:84,57
DA:85,57
DA:87,57
DA:89,57
DA:90,57
DA:91,57
DA:95,44
FN:95,BaseTest.deployToken
FNDA:44,BaseTest.deployToken
DA:97,44
DA:98,44
DA:99,44
DA:103,0
FN:103,BaseTest.deployTreasury
FNDA:0,BaseTest.deployTreasury
DA:105,0
DA:106,0
DA:107,0
DA:108,0
DA:109,0
DA:113,13
FN:113,BaseTest.deployAssetReferendum
FNDA:13,BaseTest.deployAssetReferendum
DA:115,13
DA:116,13
DA:117,13
DA:118,13
DA:119,0
DA:122,5
FN:122,BaseTest.deployAssetOwnership
FNDA:5,BaseTest.deployAssetOwnership
DA:124,5
DA:125,5
DA:126,5
DA:129,5
FN:129,BaseTest.deployAssetSafe
FNDA:5,BaseTest.deployAssetSafe
DA:131,5
DA:132,5
DA:133,5
DA:134,5
DA:135,0
DA:140,26
FN:140,BaseTest.deployCustodianFactory
FNDA:26,BaseTest.deployCustodianFactory
DA:141,26
DA:142,26
DA:146,16
FN:146,BaseTest.deployCustodianReferendum
FNDA:16,BaseTest.deployCustodianReferendum
DA:148,16
DA:149,16
DA:150,16
DA:152,16
DA:154,16
DA:155,0
DA:158,56
FN:158,BaseTest._setGovPermissions
FNDA:56,BaseTest._setGovPermissions
DA:159,56
DA:160,56
DA:162,56
DA:163,56
DA:166,16
FN:166,BaseTest._assignOpRole
FNDA:16,BaseTest._assignOpRole
DA:167,16
DA:168,16
DA:169,16
DA:170,16
FNF:14
FNH:13
LF:78
LH:66
BRF:0
BRH:0
end_of_record
TN:
SF:test/libraries/RollingOps.t.sol
DA:17,6
FN:17,RollingOpsWrapper.configureWindow
FNDA:6,RollingOpsWrapper.configureWindow
DA:18,6
DA:22,3
FN:22,RollingOpsWrapper.getWindow
FNDA:3,RollingOpsWrapper.getWindow
DA:23,3
DA:28,33
FN:28,RollingOpsWrapper.add
FNDA:33,RollingOpsWrapper.add
DA:29,33
DA:35,6
FN:35,RollingOpsWrapper.exists
FNDA:6,RollingOpsWrapper.exists
DA:36,6
DA:41,2
FN:41,RollingOpsWrapper.getLength
FNDA:2,RollingOpsWrapper.getLength
DA:42,2
DA:48,6
FN:48,RollingOpsWrapper.getAt
FNDA:6,RollingOpsWrapper.getAt
DA:49,6
DA:54,3
FN:54,RollingOpsWrapper.getAll
FNDA:3,RollingOpsWrapper.getAll
DA:55,3
FNF:7
FNH:7
LF:14
LH:14
BRF:0
BRH:0
end_of_record
TN:
SF:test/primitives/Quorum.t..sol
DA:8,7
FN:8,QuorumWrapper.status
FNDA:7,QuorumWrapper.status
DA:9,7
DA:12,2
FN:12,QuorumWrapper.revoke
FNDA:2,QuorumWrapper.revoke
DA:13,2
DA:16,2
FN:16,QuorumWrapper.blocked
FNDA:2,QuorumWrapper.blocked
DA:17,2
DA:20,3
FN:20,QuorumWrapper.approve
FNDA:3,QuorumWrapper.approve
DA:21,3
DA:24,3
FN:24,QuorumWrapper.quit
FNDA:3,QuorumWrapper.quit
DA:25,3
DA:28,9
FN:28,QuorumWrapper.register
FNDA:9,QuorumWrapper.register
DA:29,9
FNF:6
FNH:6
LF:12
LH:12
BRF:0
BRH:0
end_of_record
