TN:
SF:contracts/access/AccessManager.sol
FN:28,AccessManager.onlyAdmin
FNDA:37,AccessManager.onlyAdmin
DA:29,37
FN:34,AccessManager.onlyGov
FNDA:2,AccessManager.onlyGov
DA:35,2
FN:40,AccessManager.
FNDA:37,AccessManager.
DA:41,37
FN:45,AccessManager.initialize
FNDA:37,AccessManager.initialize
DA:46,37
DA:47,37
DA:48,37
FN:53,AccessManager.getGovernor
FNDA:0,AccessManager.getGovernor
DA:54,0
FN:60,AccessManager.setGovernor
FNDA:37,AccessManager.setGovernor
DA:61,37
DA:62,37
FN:69,AccessManager.grantRole
FNDA:2,AccessManager.grantRole
DA:73,1
DA:74,1
FN:81,AccessManager.revokeRole
FNDA:2,AccessManager.revokeRole
DA:85,1
DA:86,1
FN:92,AccessManager._authorizeUpgrade
FNDA:0,AccessManager._authorizeUpgrade
FNF:9
FNH:7
LF:13
LH:12
BRF:0
BRH:0
end_of_record
TN:
SF:contracts/base/Ledger.sol
FN:16,Ledger.getLedgerBalance
FNDA:0,Ledger.getLedgerBalance
DA:17,0
FN:25,Ledger._setLedgerEntry
FNDA:0,Ledger._setLedgerEntry
DA:26,0
FN:34,Ledger._sumLedgerEntry
FNDA:0,Ledger._sumLedgerEntry
DA:35,0
FN:43,Ledger._subLedgerEntry
FNDA:0,Ledger._subLedgerEntry
DA:44,0
FNF:4
FNH:0
LF:4
LH:0
BRF:0
BRH:0
end_of_record
TN:
SF:contracts/base/upgradeable/AccessControlledUpgradeable.sol
FN:27,AccessControlledUpgradeable.onlyRole
FNDA:0,AccessControlledUpgradeable.onlyRole
DA:28,0
BRDA:28,0,0,-
DA:29,0
FN:35,AccessControlledUpgradeable.onlyGov
FNDA:28,AccessControlledUpgradeable.onlyGov
DA:36,28
BRDA:36,1,0,-
DA:37,0
FN:43,AccessControlledUpgradeable.onlyMod
FNDA:0,AccessControlledUpgradeable.onlyMod
DA:44,0
BRDA:44,2,0,-
DA:45,0
FN:51,AccessControlledUpgradeable.onlyAdmin
FNDA:0,AccessControlledUpgradeable.onlyAdmin
DA:52,0
BRDA:52,3,0,-
DA:53,0
FN:60,AccessControlledUpgradeable.__AccessControlled_init
FNDA:65,AccessControlledUpgradeable.__AccessControlled_init
DA:61,65
FN:64,AccessControlledUpgradeable.__AccessControlled_init_unchained
FNDA:65,AccessControlledUpgradeable.__AccessControlled_init_unchained
DA:65,65
DA:66,65
FN:73,AccessControlledUpgradeable._hasRole
FNDA:49,AccessControlledUpgradeable._hasRole
DA:74,49
DA:75,49
DA:76,49
FN:80,AccessControlledUpgradeable._getAccessControlStorage
FNDA:114,AccessControlledUpgradeable._getAccessControlStorage
DA:82,114
FNF:8
FNH:5
LF:15
LH:8
BRF:4
BRH:0
end_of_record
TN:
SF:contracts/base/upgradeable/FeesCollectorUpgradeable.sol
FN:35,FeesCollectorUpgradeable.onlyTreasury
FNDA:0,FeesCollectorUpgradeable.onlyTreasury
DA:36,0
BRDA:36,0,0,-
DA:37,0
FN:44,FeesCollectorUpgradeable.getTreasuryAddress
FNDA:0,FeesCollectorUpgradeable.getTreasuryAddress
DA:45,0
DA:46,0
FN:52,FeesCollectorUpgradeable.disburse
FNDA:0,FeesCollectorUpgradeable.disburse
DA:54,0
DA:55,0
DA:56,0
DA:58,0
DA:59,0
DA:60,0
FN:66,FeesCollectorUpgradeable.__FeesCollector_init
FNDA:16,FeesCollectorUpgradeable.__FeesCollector_init
DA:67,16
DA:68,16
FN:74,FeesCollectorUpgradeable.__FeesCollector_init_unchained
FNDA:16,FeesCollectorUpgradeable.__FeesCollector_init_unchained
DA:75,16
FN:81,FeesCollectorUpgradeable._setTreasuryAddress
FNDA:16,FeesCollectorUpgradeable._setTreasuryAddress
DA:82,16
BRDA:82,2,0,-
DA:83,16
DA:84,16
FN:90,FeesCollectorUpgradeable._getFeesCollectorStorage
FNDA:16,FeesCollectorUpgradeable._getFeesCollectorStorage
DA:92,16
FNF:7
FNH:4
LF:17
LH:7
BRF:2
BRH:0
end_of_record
TN:
SF:contracts/base/upgradeable/LedgerUpgradeable.sol
FN:24,LedgerUpgradeable.getLedgerBalance
FNDA:0,LedgerUpgradeable.getLedgerBalance
DA:25,3
DA:26,3
FN:32,LedgerUpgradeable.__Ledger_init
FNDA:16,LedgerUpgradeable.__Ledger_init
FN:36,LedgerUpgradeable.__Ledger_init_unchained
FNDA:0,LedgerUpgradeable.__Ledger_init_unchained
FN:43,LedgerUpgradeable._setLedgerEntry
FNDA:1,LedgerUpgradeable._setLedgerEntry
DA:44,1
DA:45,1
FN:53,LedgerUpgradeable._sumLedgerEntry
FNDA:16,LedgerUpgradeable._sumLedgerEntry
DA:54,16
DA:55,16
FN:63,LedgerUpgradeable._subLedgerEntry
FNDA:2,LedgerUpgradeable._subLedgerEntry
DA:64,2
DA:65,2
FN:70,LedgerUpgradeable._getLedgerStorage
FNDA:22,LedgerUpgradeable._getLedgerStorage
DA:72,22
FNF:7
FNH:5
LF:9
LH:9
BRF:0
BRH:0
end_of_record
TN:
SF:contracts/base/upgradeable/QuorumUpgradeable.sol
FN:54,QuorumUpgradeable.__Quorum_init
FNDA:24,QuorumUpgradeable.__Quorum_init
FN:58,QuorumUpgradeable.__Quorum_init_unchained
FNDA:0,QuorumUpgradeable.__Quorum_init_unchained
FN:62,QuorumUpgradeable._status
FNDA:68,QuorumUpgradeable._status
DA:63,68
DA:64,68
FN:70,QuorumUpgradeable._revoke
FNDA:7,QuorumUpgradeable._revoke
DA:71,7
DA:72,7
BRDA:72,0,0,1
DA:73,6
FN:79,QuorumUpgradeable._block
FNDA:2,QuorumUpgradeable._block
DA:80,2
DA:81,2
BRDA:81,1,0,-
DA:82,2
FN:87,QuorumUpgradeable._approve
FNDA:15,QuorumUpgradeable._approve
DA:88,15
DA:89,15
BRDA:89,2,0,1
DA:90,14
FN:95,QuorumUpgradeable._quit
FNDA:2,QuorumUpgradeable._quit
DA:96,2
DA:97,2
BRDA:97,3,0,1
DA:98,1
FN:103,QuorumUpgradeable._register
FNDA:25,QuorumUpgradeable._register
DA:104,25
DA:105,25
BRDA:105,4,0,-
DA:106,25
FN:110,QuorumUpgradeable._getRegistryStorage
FNDA:119,QuorumUpgradeable._getRegistryStorage
DA:112,119
FNF:9
FNH:8
LF:18
LH:18
BRF:5
BRH:3
end_of_record
TN:
SF:contracts/content/ContentOwnership.sol
FN:46,ContentOwnership.onlyApprovedContent
FNDA:0,ContentOwnership.onlyApprovedContent
DA:48,0
BRDA:48,0,0,-
DA:49,0
FN:55,ContentOwnership.
FNDA:0,ContentOwnership.
DA:58,0
DA:60,0
FN:64,ContentOwnership.initialize
FNDA:0,ContentOwnership.initialize
DA:65,0
DA:66,0
DA:67,0
DA:68,0
FN:73,ContentOwnership.supportsInterface
FNDA:0,ContentOwnership.supportsInterface
DA:76,0
FN:83,ContentOwnership.registerContent
FNDA:0,ContentOwnership.registerContent
DA:84,0
DA:85,0
FN:93,ContentOwnership._update
FNDA:0,ContentOwnership._update
DA:98,0
FN:104,ContentOwnership._increaseBalance
FNDA:0,ContentOwnership._increaseBalance
DA:108,0
FN:114,ContentOwnership._authorizeUpgrade
FNDA:0,ContentOwnership._authorizeUpgrade
FNF:8
FNH:0
LF:13
LH:0
BRF:1
BRH:0
end_of_record
TN:
SF:contracts/content/ContentReferendum.sol
FN:70,ContentReferendum.
FNDA:8,ContentReferendum.
DA:71,8
FN:75,ContentReferendum.initialize
FNDA:8,ContentReferendum.initialize
DA:76,8
DA:77,8
DA:78,8
DA:79,8
FN:85,ContentReferendum.submit
FNDA:8,ContentReferendum.submit
DA:86,8
FN:92,ContentReferendum.submitWithSig
FNDA:0,ContentReferendum.submitWithSig
DA:94,0
DA:100,0
DA:101,0
DA:102,0
BRDA:102,0,0,-
DA:103,0
FN:108,ContentReferendum.isActive
FNDA:4,ContentReferendum.isActive
DA:109,8
FN:115,ContentReferendum.isApproved
FNDA:4,ContentReferendum.isApproved
DA:116,4
DA:117,4
DA:118,4
DA:120,4
FN:125,ContentReferendum.revoke
FNDA:2,ContentReferendum.revoke
DA:126,2
DA:127,2
FN:132,ContentReferendum.reject
FNDA:2,ContentReferendum.reject
DA:133,2
DA:134,2
FN:139,ContentReferendum.approve
FNDA:4,ContentReferendum.approve
DA:140,4
DA:141,4
FN:147,ContentReferendum._authorizeUpgrade
FNDA:0,ContentReferendum._authorizeUpgrade
FN:153,ContentReferendum._submit
FNDA:8,ContentReferendum._submit
DA:154,8
DA:155,8
DA:156,8
FNF:11
FNH:9
LF:25
LH:20
BRF:1
BRH:0
end_of_record
TN:
SF:contracts/content/ContentVault.sol
FN:27,ContentVault.onlyHolder
FNDA:0,ContentVault.onlyHolder
DA:28,0
BRDA:28,0,0,-
DA:29,0
FN:35,ContentVault.
FNDA:0,ContentVault.
DA:38,0
DA:40,0
FN:44,ContentVault.initialize
FNDA:0,ContentVault.initialize
DA:45,0
DA:46,0
FN:52,ContentVault.getContent
FNDA:0,ContentVault.getContent
DA:53,0
FN:60,ContentVault.setContent
FNDA:0,ContentVault.setContent
DA:61,0
FN:70,ContentVault._authorizeUpgrade
FNDA:0,ContentVault._authorizeUpgrade
FNF:6
FNH:0
LF:8
LH:0
BRF:1
BRH:0
end_of_record
TN:
SF:contracts/economics/MMC.sol
FN:17,MMC.
FNDA:35,MMC.
DA:18,35
FN:21,MMC.supportsInterface
FNDA:63,MMC.supportsInterface
DA:22,63
FN:26,MMC.nonces
FNDA:0,MMC.nonces
DA:27,0
FN:31,MMC._update
FNDA:52,MMC._update
DA:32,52
FNF:4
FNH:3
LF:4
LH:3
BRF:0
BRH:0
end_of_record
TN:
SF:contracts/economics/Tollgate.sol
FN:48,Tollgate.onlyValidCurrency
FNDA:22,Tollgate.onlyValidCurrency
DA:50,22
BRDA:50,0,0,1
DA:51,1
FN:61,Tollgate.onlyValidFeeRepresentation
FNDA:23,Tollgate.onlyValidFeeRepresentation
DA:62,23
BRDA:62,1,0,1
DA:63,1
FN:69,Tollgate.
FNDA:25,Tollgate.
DA:72,25
FN:76,Tollgate.initialize
FNDA:25,Tollgate.initialize
DA:77,25
DA:78,25
FN:83,Tollgate.supportedCurrencies
FNDA:1,Tollgate.supportedCurrencies
DA:90,1
FN:96,Tollgate.isCurrencySupported
FNDA:2,Tollgate.isCurrencySupported
DA:97,20
FN:103,Tollgate.getFees
FNDA:18,Tollgate.getFees
DA:104,18
BRDA:104,2,0,1
DA:105,17
FN:113,Tollgate.setFees
FNDA:23,Tollgate.setFees
DA:118,21
DA:119,21
DA:120,21
FN:126,Tollgate._authorizeUpgrade
FNDA:0,Tollgate._authorizeUpgrade
FNF:9
FNH:8
LF:14
LH:14
BRF:3
BRH:3
end_of_record
TN:
SF:contracts/economics/Treasury.sol
FN:33,Treasury.
FNDA:16,Treasury.
DA:36,16
FN:39,Treasury.initialize
FNDA:16,Treasury.initialize
DA:40,16
DA:41,16
DA:42,16
FN:49,Treasury.deposit
FNDA:0,Treasury.deposit
DA:50,0
DA:51,0
DA:52,0
FN:61,Treasury.withdraw
FNDA:0,Treasury.withdraw
DA:62,0
BRDA:62,0,0,-
DA:63,0
DA:64,0
DA:65,0
FN:77,Treasury.collectFees
FNDA:0,Treasury.collectFees
DA:78,0
DA:79,0
DA:82,0
DA:83,0
DA:84,0
DA:86,0
DA:87,0
FN:94,Treasury._authorizeUpgrade
FNDA:0,Treasury._authorizeUpgrade
FNF:6
FNH:2
LF:18
LH:4
BRF:1
BRH:0
end_of_record
TN:
SF:contracts/governance/Governance.sol
FN:43,Governance.
FNDA:0,Governance.
FN:56,Governance.state
FNDA:0,Governance.state
DA:57,0
FN:62,Governance.proposalNeedsQueuing
FNDA:0,Governance.proposalNeedsQueuing
DA:65,0
FN:77,Governance._queueOperations
FNDA:0,Governance._queueOperations
DA:84,0
FN:95,Governance._executeOperations
FNDA:0,Governance._executeOperations
DA:102,0
FN:113,Governance._cancel
FNDA:0,Governance._cancel
DA:119,0
FN:126,Governance._executor
FNDA:0,Governance._executor
DA:127,0
FN:134,Governance.proposalThreshold
FNDA:0,Governance.proposalThreshold
DA:135,0
FNF:8
FNH:0
LF:7
LH:0
BRF:0
BRH:0
end_of_record
TN:
SF:contracts/governance/TimeLockCtl.sol
FN:7,Timelock.
FNDA:0,Timelock.
FNF:1
FNH:0
LF:0
LH:0
BRF:0
BRH:0
end_of_record
TN:
SF:contracts/libraries/Bytes32Ops.sol
FN:11,Bytes32Ops.toAddress
FNDA:0,Bytes32Ops.toAddress
DA:22,0
FN:28,Bytes32Ops.toUint256
FNDA:0,Bytes32Ops.toUint256
DA:29,0
FNF:2
FNH:0
LF:2
LH:0
BRF:0
BRH:0
end_of_record
TN:
SF:contracts/libraries/BytesOps.sol
FN:10,BytesOps.toAddress
FNDA:0,BytesOps.toAddress
DA:13,0
DA:22,0
FNF:1
FNH:0
LF:2
LH:0
BRF:0
BRH:0
end_of_record
TN:
SF:contracts/libraries/FeesOps.sol
FN:11,FeesOps.isBasePoint
FNDA:3,FeesOps.isBasePoint
DA:13,3
FN:18,FeesOps.isNominal
FNDA:0,FeesOps.isNominal
DA:20,0
FN:26,FeesOps.perOf
FNDA:0,FeesOps.perOf
DA:29,0
BRDA:29,0,0,-
BRDA:29,0,1,-
DA:30,0
FN:35,FeesOps.calcBps
FNDA:0,FeesOps.calcBps
DA:36,0
FNF:4
FNH:1
LF:5
LH:1
BRF:2
BRH:0
end_of_record
TN:
SF:contracts/libraries/TreasuryOps.sol
FN:20,TreasuryOps._nativeTransfer
FNDA:0,TreasuryOps._nativeTransfer
DA:21,0
DA:22,0
BRDA:22,0,0,-
FN:29,TreasuryOps._erc20Transfer
FNDA:2,TreasuryOps._erc20Transfer
DA:30,2
FN:39,TreasuryOps.increaseAllowance
FNDA:0,TreasuryOps.increaseAllowance
DA:40,0
BRDA:40,1,0,-
DA:41,0
FN:50,TreasuryOps.allowance
FNDA:13,TreasuryOps.allowance
DA:51,13
DA:52,13
FN:61,TreasuryOps.safeDeposit
FNDA:13,TreasuryOps.safeDeposit
DA:62,13
BRDA:62,3,0,-
DA:63,13
BRDA:63,4,0,-
DA:64,0
BRDA:64,5,0,-
DA:66,0
DA:69,13
BRDA:69,6,0,1
DA:73,12
DA:74,12
FN:80,TreasuryOps.balanceOf
FNDA:6,TreasuryOps.balanceOf
DA:81,6
DA:82,6
FN:90,TreasuryOps.transfer
FNDA:2,TreasuryOps.transfer
DA:91,2
BRDA:91,8,0,-
DA:92,2
BRDA:92,9,0,-
DA:93,2
DA:94,2
FNF:7
FNH:5
LF:20
LH:14
BRF:8
BRH:1
end_of_record
TN:
SF:contracts/policies/BasePolicy.sol
FN:53,BasePolicy.onlyRM
FNDA:0,BasePolicy.onlyRM
DA:54,0
BRDA:54,0,0,-
DA:55,0
FN:65,BasePolicy.initializer
FNDA:0,BasePolicy.initializer
DA:66,0
DA:68,0
FN:76,BasePolicy.initialized
FNDA:0,BasePolicy.initialized
DA:77,0
BRDA:77,1,0,-
DA:78,0
FN:83,BasePolicy.
FNDA:0,BasePolicy.
DA:84,0
DA:85,0
DA:86,0
FN:91,BasePolicy.isAccessAllowed
FNDA:0,BasePolicy.isAccessAllowed
DA:93,0
FN:98,BasePolicy.getAttestation
FNDA:0,BasePolicy.getAttestation
DA:99,0
FN:104,BasePolicy.getAttestationProvider
FNDA:0,BasePolicy.getAttestationProvider
DA:105,0
FN:111,BasePolicy.isCompliant
FNDA:0,BasePolicy.isCompliant
DA:112,0
DA:114,0
DA:115,0
FN:120,BasePolicy.getHolder
FNDA:0,BasePolicy.getHolder
DA:121,0
FN:128,BasePolicy._commit
FNDA:0,BasePolicy._commit
DA:129,0
DA:130,0
DA:131,0
DA:132,0
FN:138,BasePolicy._updateBatchAttestation
FNDA:0,BasePolicy._updateBatchAttestation
DA:139,0
DA:140,0
DA:141,0
DA:142,0
FNF:11
FNH:0
LF:24
LH:0
BRF:2
BRH:0
end_of_record
TN:
SF:contracts/policies/PolicyAudit.sol
FN:40,PolicyAudit.onlyPolicyContract
FNDA:0,PolicyAudit.onlyPolicyContract
DA:41,0
BRDA:41,0,0,-
DA:42,0
FN:49,PolicyAudit.
FNDA:0,PolicyAudit.
DA:50,0
FN:55,PolicyAudit.initialize
FNDA:0,PolicyAudit.initialize
DA:56,0
DA:57,0
DA:58,0
FN:66,PolicyAudit.submit
FNDA:0,PolicyAudit.submit
DA:67,0
DA:68,0
FN:74,PolicyAudit.approve
FNDA:0,PolicyAudit.approve
DA:75,0
DA:76,0
FN:82,PolicyAudit.reject
FNDA:0,PolicyAudit.reject
DA:83,0
DA:84,0
FN:89,PolicyAudit.isAudited
FNDA:0,PolicyAudit.isAudited
DA:90,0
FN:96,PolicyAudit._authorizeUpgrade
FNDA:0,PolicyAudit._authorizeUpgrade
FNF:8
FNH:0
LF:13
LH:0
BRF:1
BRH:0
end_of_record
TN:
SF:contracts/policies/access/SubscriptionPolicy.sol
FN:20,SubscriptionPolicy.
FNDA:0,SubscriptionPolicy.
FN:27,SubscriptionPolicy.name
FNDA:0,SubscriptionPolicy.name
DA:28,0
FN:32,SubscriptionPolicy.description
FNDA:0,SubscriptionPolicy.description
DA:33,0
DA:34,0
FN:44,SubscriptionPolicy.initialize
FNDA:0,SubscriptionPolicy.initialize
DA:45,0
DA:46,0
BRDA:46,0,0,-
DA:47,0
BRDA:47,1,0,-
DA:49,0
FN:55,SubscriptionPolicy.enforce
FNDA:0,SubscriptionPolicy.enforce
DA:56,0
DA:58,0
DA:59,0
BRDA:59,2,0,-
DA:60,0
BRDA:60,3,0,-
DA:63,0
DA:66,0
FN:69,SubscriptionPolicy.resolveTerms
FNDA:0,SubscriptionPolicy.resolveTerms
DA:70,0
DA:71,0
DA:72,0
FNF:6
FNH:0
LF:16
LH:0
BRF:4
BRH:0
end_of_record
TN:
SF:contracts/rightsmanager/RightsAccessAgreement.sol
FN:68,RightsAccessAgreement.onlyValidAgreement
FNDA:0,RightsAccessAgreement.onlyValidAgreement
DA:69,0
DA:70,0
DA:71,0
BRDA:71,0,0,-
FN:77,RightsAccessAgreement.
FNDA:0,RightsAccessAgreement.
DA:80,0
DA:82,0
DA:83,0
FN:87,RightsAccessAgreement.initialize
FNDA:0,RightsAccessAgreement.initialize
DA:88,0
DA:89,0
DA:90,0
DA:91,0
FN:100,RightsAccessAgreement.createAgreement
FNDA:0,RightsAccessAgreement.createAgreement
DA:108,0
DA:109,0
DA:112,0
DA:113,0
DA:114,0
FN:119,RightsAccessAgreement.quitAgreement
FNDA:0,RightsAccessAgreement.quitAgreement
DA:120,0
DA:121,0
DA:122,0
BRDA:122,1,0,-
DA:126,0
DA:127,0
DA:128,0
DA:129,0
DA:131,0
DA:132,0
DA:133,0
DA:135,0
DA:136,0
FN:141,RightsAccessAgreement.getAgreement
FNDA:0,RightsAccessAgreement.getAgreement
DA:142,0
FN:148,RightsAccessAgreement.settleAgreement
FNDA:0,RightsAccessAgreement.settleAgreement
DA:153,0
DA:154,0
DA:155,0
BRDA:155,2,0,-
DA:158,0
DA:159,0
DA:160,0
DA:162,0
DA:163,0
DA:164,0
DA:166,0
DA:167,0
FN:176,RightsAccessAgreement.previewAgreement
FNDA:0,RightsAccessAgreement.previewAgreement
DA:183,0
DA:184,0
BRDA:184,3,0,-
DA:189,0
DA:190,0
DA:193,0
FN:211,RightsAccessAgreement._authorizeUpgrade
FNDA:0,RightsAccessAgreement._authorizeUpgrade
FN:214,RightsAccessAgreement._createProof
FNDA:0,RightsAccessAgreement._createProof
DA:216,0
DA:217,0
FN:231,RightsAccessAgreement._storeAgreement
FNDA:0,RightsAccessAgreement._storeAgreement
DA:232,0
FN:236,RightsAccessAgreement._closeAgreement
FNDA:0,RightsAccessAgreement._closeAgreement
DA:238,0
DA:239,0
DA:240,0
FN:247,RightsAccessAgreement._calcFees
FNDA:0,RightsAccessAgreement._calcFees
DA:249,0
DA:250,0
FN:259,RightsAccessAgreement._registerFundsInTreasury
FNDA:0,RightsAccessAgreement._registerFundsInTreasury
DA:261,0
DA:262,0
FNF:14
FNH:0
LF:54
LH:0
BRF:4
BRH:0
end_of_record
TN:
SF:contracts/rightsmanager/RightsContentCustodian.sol
FN:43,RightsContentCustodian.onlyActiveDistributor
FNDA:0,RightsContentCustodian.onlyActiveDistributor
DA:44,0
BRDA:44,0,0,-
FN:49,RightsContentCustodian.
FNDA:0,RightsContentCustodian.
DA:52,0
DA:54,0
FN:58,RightsContentCustodian.initialize
FNDA:0,RightsContentCustodian.initialize
DA:59,0
DA:60,0
DA:66,0
FN:73,RightsContentCustodian.grantCustody
FNDA:0,RightsContentCustodian.grantCustody
DA:75,0
BRDA:75,1,0,-
DA:76,0
DA:79,0
DA:80,0
DA:81,0
FN:87,RightsContentCustodian.isCustodian
FNDA:0,RightsContentCustodian.isCustodian
DA:88,0
FN:93,RightsContentCustodian.getCustodyCount
FNDA:0,RightsContentCustodian.getCustodyCount
DA:94,0
FN:99,RightsContentCustodian.getCustodyRegistry
FNDA:0,RightsContentCustodian.getCustodyRegistry
DA:106,0
FN:119,RightsContentCustodian.getBalancedCustodian
FNDA:0,RightsContentCustodian.getBalancedCustodian
DA:120,0
DA:121,0
DA:122,0
DA:123,0
DA:124,0
DA:127,0
DA:129,0
DA:144,0
DA:145,0
DA:146,0
BRDA:146,2,0,-
DA:147,0
DA:152,0
FN:160,RightsContentCustodian.getCustodians
FNDA:0,RightsContentCustodian.getCustodians
DA:161,0
FN:167,RightsContentCustodian._authorizeUpgrade
FNDA:0,RightsContentCustodian._authorizeUpgrade
FN:172,RightsContentCustodian._isValidActiveDistributor
FNDA:0,RightsContentCustodian._isValidActiveDistributor
DA:173,0
FNF:11
FNH:0
LF:28
LH:0
BRF:3
BRH:0
end_of_record
TN:
SF:contracts/rightsmanager/RightsPolicyAuthorizer.sol
FN:49,RightsPolicyAuthorizer.
FNDA:0,RightsPolicyAuthorizer.
DA:52,0
DA:54,0
FN:58,RightsPolicyAuthorizer.initialize
FNDA:0,RightsPolicyAuthorizer.initialize
DA:59,0
DA:60,0
FN:65,RightsPolicyAuthorizer.authorizePolicy
FNDA:0,RightsPolicyAuthorizer.authorizePolicy
DA:67,0
BRDA:67,0,0,-
DA:68,0
DA:69,0
FN:74,RightsPolicyAuthorizer.revokePolicy
FNDA:0,RightsPolicyAuthorizer.revokePolicy
DA:75,0
DA:76,0
FN:82,RightsPolicyAuthorizer.isPolicyAuthorized
FNDA:0,RightsPolicyAuthorizer.isPolicyAuthorized
DA:83,0
FN:89,RightsPolicyAuthorizer.getAuthorizedPolicies
FNDA:0,RightsPolicyAuthorizer.getAuthorizedPolicies
DA:96,0
FN:102,RightsPolicyAuthorizer._authorizeUpgrade
FNDA:0,RightsPolicyAuthorizer._authorizeUpgrade
FN:108,RightsPolicyAuthorizer._isValidPolicy
FNDA:0,RightsPolicyAuthorizer._isValidPolicy
DA:109,0
FNF:8
FNH:0
LF:12
LH:0
BRF:1
BRH:0
end_of_record
TN:
SF:contracts/rightsmanager/RightsPolicyManager.sol
FN:42,RightsPolicyManager.
FNDA:0,RightsPolicyManager.
DA:45,0
DA:46,0
DA:47,0
FN:51,RightsPolicyManager.initialize
FNDA:0,RightsPolicyManager.initialize
DA:52,0
DA:53,0
FN:60,RightsPolicyManager.isActivePolicy
FNDA:0,RightsPolicyManager.isActivePolicy
DA:62,0
DA:63,0
DA:64,0
FN:70,RightsPolicyManager.getActivePolicy
FNDA:0,RightsPolicyManager.getActivePolicy
DA:71,0
DA:72,0
DA:75,0
DA:77,0
DA:80,0
DA:85,0
FN:93,RightsPolicyManager.registerPolicy
FNDA:0,RightsPolicyManager.registerPolicy
DA:95,0
DA:97,0
DA:98,0
BRDA:98,2,0,-
DA:102,0
DA:103,0
DA:104,0
FN:109,RightsPolicyManager.getPolicies
FNDA:0,RightsPolicyManager.getPolicies
DA:116,0
FN:122,RightsPolicyManager._authorizeUpgrade
FNDA:0,RightsPolicyManager._authorizeUpgrade
FN:128,RightsPolicyManager._registerBatchPolicies
FNDA:0,RightsPolicyManager._registerBatchPolicies
DA:129,0
DA:130,0
DA:131,0
DA:132,0
FNF:8
FNH:0
LF:25
LH:0
BRF:1
BRH:0
end_of_record
TN:
SF:contracts/syndication/DistributorFactory.sol
FN:38,DistributorFactory.
FNDA:28,DistributorFactory.
FN:42,DistributorFactory.pause
FNDA:0,DistributorFactory.pause
DA:43,0
FN:48,DistributorFactory.unpause
FNDA:0,DistributorFactory.unpause
DA:49,0
FN:55,DistributorFactory.create
FNDA:28,DistributorFactory.create
DA:57,28
DA:58,28
BRDA:58,0,0,-
DA:60,28
DA:63,28
DA:64,28
DA:65,28
DA:66,28
FNF:4
FNH:2
LF:9
LH:7
BRF:1
BRH:0
end_of_record
TN:
SF:contracts/syndication/DistributorImpl.sol
FN:30,DistributorImpl.initialize
FNDA:28,DistributorImpl.initialize
DA:31,28
BRDA:31,0,0,-
DA:32,28
DA:33,28
DA:34,28
FN:39,DistributorImpl.supportsInterface
FNDA:82,DistributorImpl.supportsInterface
DA:40,82
FN:44,DistributorImpl.getManager
FNDA:1,DistributorImpl.getManager
DA:45,1
FN:49,DistributorImpl.getEndpoint
FNDA:2,DistributorImpl.getEndpoint
DA:50,2
FN:56,DistributorImpl.setEndpoint
FNDA:2,DistributorImpl.setEndpoint
DA:57,1
BRDA:57,1,0,-
DA:58,1
DA:59,1
DA:60,1
FN:66,DistributorImpl.getBalance
FNDA:1,DistributorImpl.getBalance
DA:67,4
FN:76,DistributorImpl.withdraw
FNDA:4,DistributorImpl.withdraw
DA:77,3
BRDA:77,2,0,1
DA:78,2
DA:79,2
FNF:7
FNH:7
LF:15
LH:15
BRF:3
BRH:1
end_of_record
TN:
SF:contracts/syndication/DistributorReferendum.sol
FN:70,DistributorReferendum.onlyValidDistributor
FNDA:3,DistributorReferendum.onlyValidDistributor
DA:71,3
BRDA:71,0,0,-
DA:72,0
FN:78,DistributorReferendum.
FNDA:16,DistributorReferendum.
DA:81,16
DA:82,16
DA:83,16
FN:87,DistributorReferendum.initialize
FNDA:16,DistributorReferendum.initialize
DA:88,16
DA:89,16
DA:90,16
DA:91,16
DA:92,16
DA:94,16
FN:99,DistributorReferendum.setExpirationPeriod
FNDA:3,DistributorReferendum.setExpirationPeriod
DA:100,2
DA:101,2
FN:107,DistributorReferendum.register
FNDA:14,DistributorReferendum.register
DA:109,13
DA:110,13
DA:112,12
DA:113,12
DA:116,12
DA:117,12
FN:122,DistributorReferendum.revoke
FNDA:3,DistributorReferendum.revoke
DA:123,3
DA:124,3
DA:125,3
FN:130,DistributorReferendum.approve
FNDA:8,DistributorReferendum.approve
DA:131,8
DA:132,8
DA:133,8
FN:137,DistributorReferendum.getExpirationPeriod
FNDA:3,DistributorReferendum.getExpirationPeriod
DA:138,3
FN:143,DistributorReferendum.getEnrollmentDeadline
FNDA:1,DistributorReferendum.getEnrollmentDeadline
DA:144,1
FN:148,DistributorReferendum.getEnrollmentCount
FNDA:2,DistributorReferendum.getEnrollmentCount
DA:149,2
FN:155,DistributorReferendum.isActive
FNDA:1,DistributorReferendum.isActive
DA:158,1
FN:164,DistributorReferendum.isWaiting
FNDA:1,DistributorReferendum.isWaiting
DA:165,1
FN:171,DistributorReferendum.isBlocked
FNDA:1,DistributorReferendum.isBlocked
DA:172,1
FN:178,DistributorReferendum._authorizeUpgrade
FNDA:0,DistributorReferendum._authorizeUpgrade
FNF:14
FNH:13
LF:31
LH:30
BRF:1
BRH:0
end_of_record
TN:
SF:script/deployment/00_Deploy_Base.s.sol
FN:11,DeployBase.BroadcastedByAdmin
FNDA:165,DeployBase.BroadcastedByAdmin
DA:12,165
DA:13,165
DA:15,165
FN:18,DeployBase.setAccessManager
FNDA:65,DeployBase.setAccessManager
DA:19,65
FN:22,DeployBase.deployUUPS
FNDA:16,DeployBase.deployUUPS
DA:28,16
DA:29,16
DA:30,16
DA:31,16
FN:34,DeployBase.deployUUPS
FNDA:86,DeployBase.deployUUPS
DA:35,86
DA:36,86
DA:37,86
FN:40,DeployBase.deployAccessManagedUUPS
FNDA:49,DeployBase.deployAccessManagedUUPS
DA:41,49
FN:44,DeployBase.deployAccessManagedUUPS
FNDA:16,DeployBase.deployAccessManagedUUPS
DA:48,16
FNF:6
FNH:6
LF:13
LH:13
BRF:0
BRH:0
end_of_record
TN:
SF:script/deployment/01_Deploy_Access_AccessManager.s.sol
FN:8,DeployAccessManager.run
FNDA:37,DeployAccessManager.run
DA:9,37
FNF:1
FNH:1
LF:1
LH:1
BRF:0
BRH:0
end_of_record
TN:
SF:script/deployment/02_Deploy_Economics_Tollgate.s.sol
FN:8,DeployTollgate.run
FNDA:25,DeployTollgate.run
DA:9,25
FNF:1
FNH:1
LF:1
LH:1
BRF:0
BRH:0
end_of_record
TN:
SF:script/deployment/03_Deploy_Economics_Token.s.sol
FN:8,DeployToken.run
FNDA:35,DeployToken.run
DA:9,35
DA:10,35
FNF:1
FNH:1
LF:2
LH:2
BRF:0
BRH:0
end_of_record
TN:
SF:script/deployment/04_Deploy_Economics_Treasury.s.sol
FN:8,DeployTreasury.run
FNDA:16,DeployTreasury.run
DA:9,16
FNF:1
FNH:1
LF:1
LH:1
BRF:0
BRH:0
end_of_record
TN:
SF:script/deployment/05_Deploy_Content_ContentReferendum.s.sol
FN:7,DeployContentReferendum.run
FNDA:8,DeployContentReferendum.run
DA:8,8
FNF:1
FNH:1
LF:1
LH:1
BRF:0
BRH:0
end_of_record
TN:
SF:script/deployment/06_Deploy_Content_ContentOwnership.s.sol
FN:9,DeployContentOwnership.setContentReferendum
FNDA:0,DeployContentOwnership.setContentReferendum
DA:10,0
FN:13,DeployContentOwnership.run
FNDA:0,DeployContentOwnership.run
DA:14,0
FNF:2
FNH:0
LF:2
LH:0
BRF:0
BRH:0
end_of_record
TN:
SF:script/deployment/07_Deploy_Content_ContentVault.s.sol
FN:9,DeployContentVault.setContentOwnershipAddress
FNDA:0,DeployContentVault.setContentOwnershipAddress
DA:10,0
FN:13,DeployContentVault.run
FNDA:0,DeployContentVault.run
DA:14,0
FNF:2
FNH:0
LF:2
LH:0
BRF:0
BRH:0
end_of_record
TN:
SF:script/deployment/08_Deploy_Syndication_DistributorFactory.s.sol
FN:10,DeployDistributorFactory.run
FNDA:28,DeployDistributorFactory.run
DA:11,28
DA:13,28
DA:14,28
FNF:1
FNH:1
LF:3
LH:3
BRF:0
BRH:0
end_of_record
TN:
SF:script/deployment/09_Deploy_Syndication_DistributorReferendum.s.sol
FN:9,DeployDistributorReferendum.setTreasuryAddress
FNDA:16,DeployDistributorReferendum.setTreasuryAddress
DA:10,16
FN:13,DeployDistributorReferendum.setTollgateAddress
FNDA:16,DeployDistributorReferendum.setTollgateAddress
DA:14,16
FN:17,DeployDistributorReferendum.run
FNDA:16,DeployDistributorReferendum.run
DA:18,16
FNF:3
FNH:3
LF:3
LH:3
BRF:0
BRH:0
end_of_record
TN:
SF:script/deployment/10_Deploy_Policies_PolicyAudit.s.sol
FN:7,DeployPolicyAudit.run
FNDA:0,DeployPolicyAudit.run
DA:8,0
FNF:1
FNH:0
LF:1
LH:0
BRF:0
BRH:0
end_of_record
TN:
SF:script/deployment/11_Deploy_RightsManager_AccessAgreement.s.sol
FN:10,DeployRightsAccessAgrement.setTreasuryAddress
FNDA:0,DeployRightsAccessAgrement.setTreasuryAddress
DA:11,0
FN:14,DeployRightsAccessAgrement.setTollgateAddress
FNDA:0,DeployRightsAccessAgrement.setTollgateAddress
DA:15,0
FN:18,DeployRightsAccessAgrement.run
FNDA:0,DeployRightsAccessAgrement.run
DA:19,0
FNF:3
FNH:0
LF:3
LH:0
BRF:0
BRH:0
end_of_record
TN:
SF:script/deployment/12_Deploy_RightsManager_ContentCustodian.s.sol
FN:9,DeployRightsContentCustodian.setContentReferendum
FNDA:0,DeployRightsContentCustodian.setContentReferendum
DA:10,0
FN:13,DeployRightsContentCustodian.run
FNDA:0,DeployRightsContentCustodian.run
DA:14,0
FNF:2
FNH:0
LF:2
LH:0
BRF:0
BRH:0
end_of_record
TN:
SF:script/deployment/13_Deploy_RightsManager_PolicyAuthorizer.s.sol
FN:9,DeployRightsPolicyAuthorizer.setPolicyAudit
FNDA:0,DeployRightsPolicyAuthorizer.setPolicyAudit
DA:10,0
FN:13,DeployRightsPolicyAuthorizer.run
FNDA:0,DeployRightsPolicyAuthorizer.run
DA:14,0
FNF:2
FNH:0
LF:2
LH:0
BRF:0
BRH:0
end_of_record
TN:
SF:script/deployment/14_Deploy_RightsManager_PolicyManager.s.sol
FN:11,DeployRightsPolicyManager.setRightsAgreementAddress
FNDA:0,DeployRightsPolicyManager.setRightsAgreementAddress
DA:12,0
FN:15,DeployRightsPolicyManager.setRightsAuthorizerAddress
FNDA:0,DeployRightsPolicyManager.setRightsAuthorizerAddress
DA:16,0
FN:19,DeployRightsPolicyManager.run
FNDA:0,DeployRightsPolicyManager.run
DA:20,0
FNF:3
FNH:0
LF:3
LH:0
BRF:0
BRH:0
end_of_record
TN:
SF:script/orchestration/01_Orchestrate_InitialDeployment.s.sol
FN:25,OrchestrateInitialDeployment.deployAccessManager
FNDA:0,OrchestrateInitialDeployment.deployAccessManager
DA:27,0
DA:28,0
DA:29,0
FN:32,OrchestrateInitialDeployment.deployEconomics
FNDA:0,OrchestrateInitialDeployment.deployEconomics
DA:34,0
DA:35,0
DA:36,0
DA:38,0
DA:39,0
DA:40,0
DA:42,0
FN:45,OrchestrateInitialDeployment.deployContentManagement
FNDA:0,OrchestrateInitialDeployment.deployContentManagement
DA:47,0
DA:48,0
DA:49,0
DA:51,0
DA:52,0
DA:53,0
DA:54,0
DA:56,0
DA:57,0
DA:58,0
DA:59,0
FN:62,OrchestrateInitialDeployment.deploySyndication
FNDA:0,OrchestrateInitialDeployment.deploySyndication
DA:64,0
DA:65,0
DA:66,0
DA:67,0
DA:68,0
DA:70,0
DA:71,0
FN:74,OrchestrateInitialDeployment.deployPolicies
FNDA:0,OrchestrateInitialDeployment.deployPolicies
DA:76,0
DA:77,0
DA:78,0
DA:79,0
FN:82,OrchestrateInitialDeployment.deployRightsManager
FNDA:0,OrchestrateInitialDeployment.deployRightsManager
DA:89,0
DA:90,0
DA:91,0
DA:93,0
DA:94,0
DA:95,0
DA:96,0
DA:97,0
DA:99,0
DA:100,0
DA:101,0
DA:102,0
DA:104,0
DA:105,0
DA:106,0
DA:107,0
DA:108,0
FN:111,OrchestrateInitialDeployment.run
FNDA:0,OrchestrateInitialDeployment.run
DA:112,0
DA:113,0
DA:115,0
DA:116,0
DA:117,0
DA:119,0
DA:120,0
FNF:7
FNH:0
LF:56
LH:0
BRF:0
BRH:0
end_of_record
TN:
SF:test/BaseTest.t.sol
FN:21,BaseTest.setAccessManager
FNDA:37,BaseTest.setAccessManager
DA:22,37
DA:25,37
DA:26,37
FN:29,BaseTest.deployAndSetAccessManager
FNDA:0,BaseTest.deployAndSetAccessManager
DA:30,37
DA:31,37
DA:32,37
FN:36,BaseTest.deployAccessManager
FNDA:0,BaseTest.deployAccessManager
DA:38,37
DA:39,37
FN:43,BaseTest.deployTollgate
FNDA:0,BaseTest.deployTollgate
DA:45,25
DA:46,25
DA:47,25
FN:51,BaseTest.deployToken
FNDA:0,BaseTest.deployToken
DA:53,35
DA:54,35
FN:58,BaseTest.deployTreasury
FNDA:0,BaseTest.deployTreasury
DA:60,16
DA:61,16
DA:62,16
FN:66,BaseTest.deployContentReferendum
FNDA:0,BaseTest.deployContentReferendum
DA:67,8
DA:68,8
DA:69,8
FN:73,BaseTest.deployDistributor
FNDA:0,BaseTest.deployDistributor
DA:74,28
DA:75,28
DA:77,28
DA:78,28
DA:79,28
FN:83,BaseTest.deployDistributorReferendum
FNDA:0,BaseTest.deployDistributorReferendum
DA:85,16
DA:86,16
DA:87,16
DA:88,16
DA:89,16
FNF:9
FNH:1
LF:29
LH:29
BRF:0
BRH:0
end_of_record
